!SESSION 2014-02-24 18:23:08.405 -----------------------------------------------
eclipse.buildId=v22.3.0-887826
java.version=1.7.0_45
java.vendor=Oracle Corporation
BootLoader constants: OS=macosx, ARCH=x86_64, WS=cocoa, NL=en_US
Framework arguments:  -product com.android.ide.eclipse.adt.package.product -keyring /Users/libra/.eclipse_keyring -showlocation
Command-line arguments:  -os macosx -ws cocoa -arch x86_64 -product com.android.ide.eclipse.adt.package.product -keyring /Users/libra/.eclipse_keyring -showlocation

This is a continuation of log file /Volumes/Mac Storage/Skydrive/Android/Android on iMac/.metadata/.bak_1.log
Created Time: 2014-02-24 19:54:58.329

!ENTRY com.android.ide.eclipse.adt 4 0 2014-02-24 19:54:58.329
!MESSAGE 
!STACK 0
java.lang.NullPointerException
	at com.android.layoutlib.bridge.impl.RenderSessionImpl.getDefaultProperties(RenderSessionImpl.java:1476)
	at com.android.layoutlib.bridge.BridgeRenderSession.getDefaultProperties(BridgeRenderSession.java:68)
	at com.android.ide.eclipse.adt.internal.editors.layout.gle2.ViewHierarchy.getDefaultProperties(ViewHierarchy.java:710)
	at com.android.ide.eclipse.adt.internal.editors.layout.properties.XmlProperty.getStringValue(XmlProperty.java:209)
	at com.android.ide.eclipse.adt.internal.editors.layout.properties.XmlProperty.getValue(XmlProperty.java:221)
	at com.android.ide.eclipse.adt.internal.editors.layout.properties.XmlPropertyEditor.getText(XmlPropertyEditor.java:116)
	at com.android.ide.eclipse.adt.internal.editors.layout.properties.XmlPropertyEditor.paint(XmlPropertyEditor.java:131)
	at org.eclipse.wb.internal.core.model.property.table.PropertyTable.drawProperty(PropertyTable.java:1309)
	at org.eclipse.wb.internal.core.model.property.table.PropertyTable.drawContent(PropertyTable.java:1151)
	at org.eclipse.wb.internal.core.model.property.table.PropertyTable.handlePaint(PropertyTable.java:1094)
	at org.eclipse.wb.internal.core.model.property.table.PropertyTable.access$200(PropertyTable.java:64)
	at org.eclipse.wb.internal.core.model.property.table.PropertyTable$3.handleEvent(PropertyTable.java:187)
	at org.eclipse.swt.widgets.EventTable.sendEvent(EventTable.java:84)
	at org.eclipse.swt.widgets.Display.sendEvent(Display.java:4136)
	at org.eclipse.swt.widgets.Widget.sendEvent(Widget.java:1458)
	at org.eclipse.swt.widgets.Widget.sendEvent(Widget.java:1481)
	at org.eclipse.swt.widgets.Widget.sendEvent(Widget.java:1466)
	at org.eclipse.swt.widgets.Control.drawWidget(Control.java:1244)
	at org.eclipse.swt.widgets.Canvas.drawWidget(Canvas.java:167)
	at org.eclipse.swt.widgets.Widget.drawRect(Widget.java:741)
	at org.eclipse.swt.widgets.Canvas.drawRect(Canvas.java:162)
	at org.eclipse.swt.widgets.Display.windowProc(Display.java:5473)
	at org.eclipse.swt.internal.cocoa.OS.objc_msgSendSuper(Native Method)
	at org.eclipse.swt.widgets.Display.applicationNextEventMatchingMask(Display.java:4875)
	at org.eclipse.swt.widgets.Display.applicationProc(Display.java:5241)
	at org.eclipse.swt.internal.cocoa.OS.objc_msgSend(Native Method)
	at org.eclipse.swt.internal.cocoa.NSApplication.nextEventMatchingMask(NSApplication.java:94)
	at org.eclipse.swt.widgets.Display.readAndDispatch(Display.java:3615)
	at org.eclipse.e4.ui.internal.workbench.swt.PartRenderingEngine$9.run(PartRenderingEngine.java:1053)
	at org.eclipse.core.databinding.observable.Realm.runWithDefault(Realm.java:332)
	at org.eclipse.e4.ui.internal.workbench.swt.PartRenderingEngine.run(PartRenderingEngine.java:942)
	at org.eclipse.e4.ui.internal.workbench.E4Workbench.createAndRunUI(E4Workbench.java:86)
	at org.eclipse.ui.internal.Workbench$5.run(Workbench.java:588)
	at org.eclipse.core.databinding.observable.Realm.runWithDefault(Realm.java:332)
	at org.eclipse.ui.internal.Workbench.createAndRunWorkbench(Workbench.java:543)
	at org.eclipse.ui.PlatformUI.createAndRunWorkbench(PlatformUI.java:149)
	at org.eclipse.ui.internal.ide.application.IDEApplication.start(IDEApplication.java:124)
	at org.eclipse.equinox.internal.app.EclipseAppHandle.run(EclipseAppHandle.java:196)
	at org.eclipse.core.runtime.internal.adaptor.EclipseAppLauncher.runApplication(EclipseAppLauncher.java:110)
	at org.eclipse.core.runtime.internal.adaptor.EclipseAppLauncher.start(EclipseAppLauncher.java:79)
	at org.eclipse.core.runtime.adaptor.EclipseStarter.run(EclipseStarter.java:353)
	at org.eclipse.core.runtime.adaptor.EclipseStarter.run(EclipseStarter.java:180)
	at sun.reflect.NativeMethodAccessorImpl.invoke0(Native Method)
	at sun.reflect.NativeMethodAccessorImpl.invoke(NativeMethodAccessorImpl.java:57)
	at sun.reflect.DelegatingMethodAccessorImpl.invoke(DelegatingMethodAccessorImpl.java:43)
	at java.lang.reflect.Method.invoke(Method.java:606)
	at org.eclipse.equinox.launcher.Main.invokeFramework(Main.java:629)
	at org.eclipse.equinox.launcher.Main.basicRun(Main.java:584)
	at org.eclipse.equinox.launcher.Main.run(Main.java:1438)

!ENTRY com.android.ide.eclipse.adt 4 0 2014-02-24 19:54:58.405
!MESSAGE 
!STACK 0
java.lang.NullPointerException
	at com.android.layoutlib.bridge.impl.RenderSessionImpl.getDefaultProperties(RenderSessionImpl.java:1476)
	at com.android.layoutlib.bridge.BridgeRenderSession.getDefaultProperties(BridgeRenderSession.java:68)
	at com.android.ide.eclipse.adt.internal.editors.layout.gle2.ViewHierarchy.getDefaultProperties(ViewHierarchy.java:710)
	at com.android.ide.eclipse.adt.internal.editors.layout.properties.XmlProperty.getStringValue(XmlProperty.java:209)
	at com.android.ide.eclipse.adt.internal.editors.layout.properties.XmlProperty.getValue(XmlProperty.java:221)
	at com.android.ide.eclipse.adt.internal.editors.layout.properties.XmlPropertyEditor.getText(XmlPropertyEditor.java:116)
	at com.android.ide.eclipse.adt.internal.editors.layout.properties.XmlPropertyEditor.paint(XmlPropertyEditor.java:131)
	at org.eclipse.wb.internal.core.model.property.table.PropertyTable.drawProperty(PropertyTable.java:1309)
	at org.eclipse.wb.internal.core.model.property.table.PropertyTable.drawContent(PropertyTable.java:1151)
	at org.eclipse.wb.internal.core.model.property.table.PropertyTable.handlePaint(PropertyTable.java:1094)
	at org.eclipse.wb.internal.core.model.property.table.PropertyTable.access$200(PropertyTable.java:64)
	at org.eclipse.wb.internal.core.model.property.table.PropertyTable$3.handleEvent(PropertyTable.java:187)
	at org.eclipse.swt.widgets.EventTable.sendEvent(EventTable.java:84)
	at org.eclipse.swt.widgets.Display.sendEvent(Display.java:4136)
	at org.eclipse.swt.widgets.Widget.sendEvent(Widget.java:1458)
	at org.eclipse.swt.widgets.Widget.sendEvent(Widget.java:1481)
	at org.eclipse.swt.widgets.Widget.sendEvent(Widget.java:1466)
	at org.eclipse.swt.widgets.Control.drawWidget(Control.java:1244)
	at org.eclipse.swt.widgets.Canvas.drawWidget(Canvas.java:167)
	at org.eclipse.swt.widgets.Widget.drawRect(Widget.java:741)
	at org.eclipse.swt.widgets.Canvas.drawRect(Canvas.java:162)
	at org.eclipse.swt.widgets.Display.windowProc(Display.java:5473)
	at org.eclipse.swt.internal.cocoa.OS.objc_msgSendSuper(Native Method)
	at org.eclipse.swt.widgets.Display.applicationNextEventMatchingMask(Display.java:4875)
	at org.eclipse.swt.widgets.Display.applicationProc(Display.java:5241)
	at org.eclipse.swt.internal.cocoa.OS.objc_msgSend(Native Method)
	at org.eclipse.swt.internal.cocoa.NSApplication.nextEventMatchingMask(NSApplication.java:94)
	at org.eclipse.swt.widgets.Display.readAndDispatch(Display.java:3615)
	at org.eclipse.e4.ui.internal.workbench.swt.PartRenderingEngine$9.run(PartRenderingEngine.java:1053)
	at org.eclipse.core.databinding.observable.Realm.runWithDefault(Realm.java:332)
	at org.eclipse.e4.ui.internal.workbench.swt.PartRenderingEngine.run(PartRenderingEngine.java:942)
	at org.eclipse.e4.ui.internal.workbench.E4Workbench.createAndRunUI(E4Workbench.java:86)
	at org.eclipse.ui.internal.Workbench$5.run(Workbench.java:588)
	at org.eclipse.core.databinding.observable.Realm.runWithDefault(Realm.java:332)
	at org.eclipse.ui.internal.Workbench.createAndRunWorkbench(Workbench.java:543)
	at org.eclipse.ui.PlatformUI.createAndRunWorkbench(PlatformUI.java:149)
	at org.eclipse.ui.internal.ide.application.IDEApplication.start(IDEApplication.java:124)
	at org.eclipse.equinox.internal.app.EclipseAppHandle.run(EclipseAppHandle.java:196)
	at org.eclipse.core.runtime.internal.adaptor.EclipseAppLauncher.runApplication(EclipseAppLauncher.java:110)
	at org.eclipse.core.runtime.internal.adaptor.EclipseAppLauncher.start(EclipseAppLauncher.java:79)
	at org.eclipse.core.runtime.adaptor.EclipseStarter.run(EclipseStarter.java:353)
	at org.eclipse.core.runtime.adaptor.EclipseStarter.run(EclipseStarter.java:180)
	at sun.reflect.NativeMethodAccessorImpl.invoke0(Native Method)
	at sun.reflect.NativeMethodAccessorImpl.invoke(NativeMethodAccessorImpl.java:57)
	at sun.reflect.DelegatingMethodAccessorImpl.invoke(DelegatingMethodAccessorImpl.java:43)
	at java.lang.reflect.Method.invoke(Method.java:606)
	at org.eclipse.equinox.launcher.Main.invokeFramework(Main.java:629)
	at org.eclipse.equinox.launcher.Main.basicRun(Main.java:584)
	at org.eclipse.equinox.launcher.Main.run(Main.java:1438)

!ENTRY com.android.ide.eclipse.adt 4 0 2014-02-24 19:54:58.409
!MESSAGE 
!STACK 0
java.lang.NullPointerException
	at com.android.layoutlib.bridge.impl.RenderSessionImpl.getDefaultProperties(RenderSessionImpl.java:1476)
	at com.android.layoutlib.bridge.BridgeRenderSession.getDefaultProperties(BridgeRenderSession.java:68)
	at com.android.ide.eclipse.adt.internal.editors.layout.gle2.ViewHierarchy.getDefaultProperties(ViewHierarchy.java:710)
	at com.android.ide.eclipse.adt.internal.editors.layout.properties.XmlProperty.getStringValue(XmlProperty.java:209)
	at com.android.ide.eclipse.adt.internal.editors.layout.properties.XmlProperty.getValue(XmlProperty.java:221)
	at com.android.ide.eclipse.adt.internal.editors.layout.properties.XmlPropertyEditor.getText(XmlPropertyEditor.java:116)
	at com.android.ide.eclipse.adt.internal.editors.layout.properties.XmlPropertyEditor.paint(XmlPropertyEditor.java:131)
	at org.eclipse.wb.internal.core.model.property.table.PropertyTable.drawProperty(PropertyTable.java:1309)
	at org.eclipse.wb.internal.core.model.property.table.PropertyTable.drawContent(PropertyTable.java:1151)
	at org.eclipse.wb.internal.core.model.property.table.PropertyTable.handlePaint(PropertyTable.java:1094)
	at org.eclipse.wb.internal.core.model.property.table.PropertyTable.access$200(PropertyTable.java:64)
	at org.eclipse.wb.internal.core.model.property.table.PropertyTable$3.handleEvent(PropertyTable.java:187)
	at org.eclipse.swt.widgets.EventTable.sendEvent(EventTable.java:84)
	at org.eclipse.swt.widgets.Display.sendEvent(Display.java:4136)
	at org.eclipse.swt.widgets.Widget.sendEvent(Widget.java:1458)
	at org.eclipse.swt.widgets.Widget.sendEvent(Widget.java:1481)
	at org.eclipse.swt.widgets.Widget.sendEvent(Widget.java:1466)
	at org.eclipse.swt.widgets.Control.drawWidget(Control.java:1244)
	at org.eclipse.swt.widgets.Canvas.drawWidget(Canvas.java:167)
	at org.eclipse.swt.widgets.Widget.drawRect(Widget.java:741)
	at org.eclipse.swt.widgets.Canvas.drawRect(Canvas.java:162)
	at org.eclipse.swt.widgets.Display.windowProc(Display.java:5473)
	at org.eclipse.swt.internal.cocoa.OS.objc_msgSendSuper(Native Method)
	at org.eclipse.swt.widgets.Display.applicationNextEventMatchingMask(Display.java:4875)
	at org.eclipse.swt.widgets.Display.applicationProc(Display.java:5241)
	at org.eclipse.swt.internal.cocoa.OS.objc_msgSend(Native Method)
	at org.eclipse.swt.internal.cocoa.NSApplication.nextEventMatchingMask(NSApplication.java:94)
	at org.eclipse.swt.widgets.Display.readAndDispatch(Display.java:3615)
	at org.eclipse.e4.ui.internal.workbench.swt.PartRenderingEngine$9.run(PartRenderingEngine.java:1053)
	at org.eclipse.core.databinding.observable.Realm.runWithDefault(Realm.java:332)
	at org.eclipse.e4.ui.internal.workbench.swt.PartRenderingEngine.run(PartRenderingEngine.java:942)
	at org.eclipse.e4.ui.internal.workbench.E4Workbench.createAndRunUI(E4Workbench.java:86)
	at org.eclipse.ui.internal.Workbench$5.run(Workbench.java:588)
	at org.eclipse.core.databinding.observable.Realm.runWithDefault(Realm.java:332)
	at org.eclipse.ui.internal.Workbench.createAndRunWorkbench(Workbench.java:543)
	at org.eclipse.ui.PlatformUI.createAndRunWorkbench(PlatformUI.java:149)
	at org.eclipse.ui.internal.ide.application.IDEApplication.start(IDEApplication.java:124)
	at org.eclipse.equinox.internal.app.EclipseAppHandle.run(EclipseAppHandle.java:196)
	at org.eclipse.core.runtime.internal.adaptor.EclipseAppLauncher.runApplication(EclipseAppLauncher.java:110)
	at org.eclipse.core.runtime.internal.adaptor.EclipseAppLauncher.start(EclipseAppLauncher.java:79)
	at org.eclipse.core.runtime.adaptor.EclipseStarter.run(EclipseStarter.java:353)
	at org.eclipse.core.runtime.adaptor.EclipseStarter.run(EclipseStarter.java:180)
	at sun.reflect.NativeMethodAccessorImpl.invoke0(Native Method)
	at sun.reflect.NativeMethodAccessorImpl.invoke(NativeMethodAccessorImpl.java:57)
	at sun.reflect.DelegatingMethodAccessorImpl.invoke(DelegatingMethodAccessorImpl.java:43)
	at java.lang.reflect.Method.invoke(Method.java:606)
	at org.eclipse.equinox.launcher.Main.invokeFramework(Main.java:629)
	at org.eclipse.equinox.launcher.Main.basicRun(Main.java:584)
	at org.eclipse.equinox.launcher.Main.run(Main.java:1438)

!ENTRY com.android.ide.eclipse.adt 4 0 2014-02-24 19:54:58.411
!MESSAGE 
!STACK 0
java.lang.NullPointerException
	at com.android.layoutlib.bridge.impl.RenderSessionImpl.getDefaultProperties(RenderSessionImpl.java:1476)
	at com.android.layoutlib.bridge.BridgeRenderSession.getDefaultProperties(BridgeRenderSession.java:68)
	at com.android.ide.eclipse.adt.internal.editors.layout.gle2.ViewHierarchy.getDefaultProperties(ViewHierarchy.java:710)
	at com.android.ide.eclipse.adt.internal.editors.layout.properties.XmlProperty.getStringValue(XmlProperty.java:209)
	at com.android.ide.eclipse.adt.internal.editors.layout.properties.XmlProperty.getValue(XmlProperty.java:221)
	at com.android.ide.eclipse.adt.internal.editors.layout.properties.XmlPropertyEditor.getText(XmlPropertyEditor.java:116)
	at com.android.ide.eclipse.adt.internal.editors.layout.properties.XmlPropertyEditor.paint(XmlPropertyEditor.java:131)
	at org.eclipse.wb.internal.core.model.property.table.PropertyTable.drawProperty(PropertyTable.java:1309)
	at org.eclipse.wb.internal.core.model.property.table.PropertyTable.drawContent(PropertyTable.java:1151)
	at org.eclipse.wb.internal.core.model.property.table.PropertyTable.handlePaint(PropertyTable.java:1094)
	at org.eclipse.wb.internal.core.model.property.table.PropertyTable.access$200(PropertyTable.java:64)
	at org.eclipse.wb.internal.core.model.property.table.PropertyTable$3.handleEvent(PropertyTable.java:187)
	at org.eclipse.swt.widgets.EventTable.sendEvent(EventTable.java:84)
	at org.eclipse.swt.widgets.Display.sendEvent(Display.java:4136)
	at org.eclipse.swt.widgets.Widget.sendEvent(Widget.java:1458)
	at org.eclipse.swt.widgets.Widget.sendEvent(Widget.java:1481)
	at org.eclipse.swt.widgets.Widget.sendEvent(Widget.java:1466)
	at org.eclipse.swt.widgets.Control.drawWidget(Control.java:1244)
	at org.eclipse.swt.widgets.Canvas.drawWidget(Canvas.java:167)
	at org.eclipse.swt.widgets.Widget.drawRect(Widget.java:741)
	at org.eclipse.swt.widgets.Canvas.drawRect(Canvas.java:162)
	at org.eclipse.swt.widgets.Display.windowProc(Display.java:5473)
	at org.eclipse.swt.internal.cocoa.OS.objc_msgSendSuper(Native Method)
	at org.eclipse.swt.widgets.Display.applicationNextEventMatchingMask(Display.java:4875)
	at org.eclipse.swt.widgets.Display.applicationProc(Display.java:5241)
	at org.eclipse.swt.internal.cocoa.OS.objc_msgSend(Native Method)
	at org.eclipse.swt.internal.cocoa.NSApplication.nextEventMatchingMask(NSApplication.java:94)
	at org.eclipse.swt.widgets.Display.readAndDispatch(Display.java:3615)
	at org.eclipse.e4.ui.internal.workbench.swt.PartRenderingEngine$9.run(PartRenderingEngine.java:1053)
	at org.eclipse.core.databinding.observable.Realm.runWithDefault(Realm.java:332)
	at org.eclipse.e4.ui.internal.workbench.swt.PartRenderingEngine.run(PartRenderingEngine.java:942)
	at org.eclipse.e4.ui.internal.workbench.E4Workbench.createAndRunUI(E4Workbench.java:86)
	at org.eclipse.ui.internal.Workbench$5.run(Workbench.java:588)
	at org.eclipse.core.databinding.observable.Realm.runWithDefault(Realm.java:332)
	at org.eclipse.ui.internal.Workbench.createAndRunWorkbench(Workbench.java:543)
	at org.eclipse.ui.PlatformUI.createAndRunWorkbench(PlatformUI.java:149)
	at org.eclipse.ui.internal.ide.application.IDEApplication.start(IDEApplication.java:124)
	at org.eclipse.equinox.internal.app.EclipseAppHandle.run(EclipseAppHandle.java:196)
	at org.eclipse.core.runtime.internal.adaptor.EclipseAppLauncher.runApplication(EclipseAppLauncher.java:110)
	at org.eclipse.core.runtime.internal.adaptor.EclipseAppLauncher.start(EclipseAppLauncher.java:79)
	at org.eclipse.core.runtime.adaptor.EclipseStarter.run(EclipseStarter.java:353)
	at org.eclipse.core.runtime.adaptor.EclipseStarter.run(EclipseStarter.java:180)
	at sun.reflect.NativeMethodAccessorImpl.invoke0(Native Method)
	at sun.reflect.NativeMethodAccessorImpl.invoke(NativeMethodAccessorImpl.java:57)
	at sun.reflect.DelegatingMethodAccessorImpl.invoke(DelegatingMethodAccessorImpl.java:43)
	at java.lang.reflect.Method.invoke(Method.java:606)
	at org.eclipse.equinox.launcher.Main.invokeFramework(Main.java:629)
	at org.eclipse.equinox.launcher.Main.basicRun(Main.java:584)
	at org.eclipse.equinox.launcher.Main.run(Main.java:1438)

!ENTRY com.android.ide.eclipse.adt 4 0 2014-02-24 19:54:58.412
!MESSAGE 
!STACK 0
java.lang.NullPointerException
	at com.android.layoutlib.bridge.impl.RenderSessionImpl.getDefaultProperties(RenderSessionImpl.java:1476)
	at com.android.layoutlib.bridge.BridgeRenderSession.getDefaultProperties(BridgeRenderSession.java:68)
	at com.android.ide.eclipse.adt.internal.editors.layout.gle2.ViewHierarchy.getDefaultProperties(ViewHierarchy.java:710)
	at com.android.ide.eclipse.adt.internal.editors.layout.properties.XmlProperty.getStringValue(XmlProperty.java:209)
	at com.android.ide.eclipse.adt.internal.editors.layout.properties.XmlProperty.getValue(XmlProperty.java:221)
	at com.android.ide.eclipse.adt.internal.editors.layout.properties.XmlPropertyEditor.getText(XmlPropertyEditor.java:116)
	at com.android.ide.eclipse.adt.internal.editors.layout.properties.XmlPropertyEditor.paint(XmlPropertyEditor.java:131)
	at org.eclipse.wb.internal.core.model.property.table.PropertyTable.drawProperty(PropertyTable.java:1309)
	at org.eclipse.wb.internal.core.model.property.table.PropertyTable.drawContent(PropertyTable.java:1151)
	at org.eclipse.wb.internal.core.model.property.table.PropertyTable.handlePaint(PropertyTable.java:1094)
	at org.eclipse.wb.internal.core.model.property.table.PropertyTable.access$200(PropertyTable.java:64)
	at org.eclipse.wb.internal.core.model.property.table.PropertyTable$3.handleEvent(PropertyTable.java:187)
	at org.eclipse.swt.widgets.EventTable.sendEvent(EventTable.java:84)
	at org.eclipse.swt.widgets.Display.sendEvent(Display.java:4136)
	at org.eclipse.swt.widgets.Widget.sendEvent(Widget.java:1458)
	at org.eclipse.swt.widgets.Widget.sendEvent(Widget.java:1481)
	at org.eclipse.swt.widgets.Widget.sendEvent(Widget.java:1466)
	at org.eclipse.swt.widgets.Control.drawWidget(Control.java:1244)
	at org.eclipse.swt.widgets.Canvas.drawWidget(Canvas.java:167)
	at org.eclipse.swt.widgets.Widget.drawRect(Widget.java:741)
	at org.eclipse.swt.widgets.Canvas.drawRect(Canvas.java:162)
	at org.eclipse.swt.widgets.Display.windowProc(Display.java:5473)
	at org.eclipse.swt.internal.cocoa.OS.objc_msgSendSuper(Native Method)
	at org.eclipse.swt.widgets.Display.applicationNextEventMatchingMask(Display.java:4875)
	at org.eclipse.swt.widgets.Display.applicationProc(Display.java:5241)
	at org.eclipse.swt.internal.cocoa.OS.objc_msgSend(Native Method)
	at org.eclipse.swt.internal.cocoa.NSApplication.nextEventMatchingMask(NSApplication.java:94)
	at org.eclipse.swt.widgets.Display.readAndDispatch(Display.java:3615)
	at org.eclipse.e4.ui.internal.workbench.swt.PartRenderingEngine$9.run(PartRenderingEngine.java:1053)
	at org.eclipse.core.databinding.observable.Realm.runWithDefault(Realm.java:332)
	at org.eclipse.e4.ui.internal.workbench.swt.PartRenderingEngine.run(PartRenderingEngine.java:942)
	at org.eclipse.e4.ui.internal.workbench.E4Workbench.createAndRunUI(E4Workbench.java:86)
	at org.eclipse.ui.internal.Workbench$5.run(Workbench.java:588)
	at org.eclipse.core.databinding.observable.Realm.runWithDefault(Realm.java:332)
	at org.eclipse.ui.internal.Workbench.createAndRunWorkbench(Workbench.java:543)
	at org.eclipse.ui.PlatformUI.createAndRunWorkbench(PlatformUI.java:149)
	at org.eclipse.ui.internal.ide.application.IDEApplication.start(IDEApplication.java:124)
	at org.eclipse.equinox.internal.app.EclipseAppHandle.run(EclipseAppHandle.java:196)
	at org.eclipse.core.runtime.internal.adaptor.EclipseAppLauncher.runApplication(EclipseAppLauncher.java:110)
	at org.eclipse.core.runtime.internal.adaptor.EclipseAppLauncher.start(EclipseAppLauncher.java:79)
	at org.eclipse.core.runtime.adaptor.EclipseStarter.run(EclipseStarter.java:353)
	at org.eclipse.core.runtime.adaptor.EclipseStarter.run(EclipseStarter.java:180)
	at sun.reflect.NativeMethodAccessorImpl.invoke0(Native Method)
	at sun.reflect.NativeMethodAccessorImpl.invoke(NativeMethodAccessorImpl.java:57)
	at sun.reflect.DelegatingMethodAccessorImpl.invoke(DelegatingMethodAccessorImpl.java:43)
	at java.lang.reflect.Method.invoke(Method.java:606)
	at org.eclipse.equinox.launcher.Main.invokeFramework(Main.java:629)
	at org.eclipse.equinox.launcher.Main.basicRun(Main.java:584)
	at org.eclipse.equinox.launcher.Main.run(Main.java:1438)

!ENTRY com.android.ide.eclipse.adt 4 0 2014-02-24 19:54:58.414
!MESSAGE 
!STACK 0
java.lang.NullPointerException
	at com.android.layoutlib.bridge.impl.RenderSessionImpl.getDefaultProperties(RenderSessionImpl.java:1476)
	at com.android.layoutlib.bridge.BridgeRenderSession.getDefaultProperties(BridgeRenderSession.java:68)
	at com.android.ide.eclipse.adt.internal.editors.layout.gle2.ViewHierarchy.getDefaultProperties(ViewHierarchy.java:710)
	at com.android.ide.eclipse.adt.internal.editors.layout.properties.XmlProperty.getStringValue(XmlProperty.java:209)
	at com.android.ide.eclipse.adt.internal.editors.layout.properties.XmlProperty.getValue(XmlProperty.java:221)
	at com.android.ide.eclipse.adt.internal.editors.layout.properties.XmlPropertyEditor.getText(XmlPropertyEditor.java:116)
	at com.android.ide.eclipse.adt.internal.editors.layout.properties.XmlPropertyEditor.paint(XmlPropertyEditor.java:131)
	at org.eclipse.wb.internal.core.model.property.table.PropertyTable.drawProperty(PropertyTable.java:1309)
	at org.eclipse.wb.internal.core.model.property.table.PropertyTable.drawContent(PropertyTable.java:1151)
	at org.eclipse.wb.internal.core.model.property.table.PropertyTable.handlePaint(PropertyTable.java:1094)
	at org.eclipse.wb.internal.core.model.property.table.PropertyTable.access$200(PropertyTable.java:64)
	at org.eclipse.wb.internal.core.model.property.table.PropertyTable$3.handleEvent(PropertyTable.java:187)
	at org.eclipse.swt.widgets.EventTable.sendEvent(EventTable.java:84)
	at org.eclipse.swt.widgets.Display.sendEvent(Display.java:4136)
	at org.eclipse.swt.widgets.Widget.sendEvent(Widget.java:1458)
	at org.eclipse.swt.widgets.Widget.sendEvent(Widget.java:1481)
	at org.eclipse.swt.widgets.Widget.sendEvent(Widget.java:1466)
	at org.eclipse.swt.widgets.Control.drawWidget(Control.java:1244)
	at org.eclipse.swt.widgets.Canvas.drawWidget(Canvas.java:167)
	at org.eclipse.swt.widgets.Widget.drawRect(Widget.java:741)
	at org.eclipse.swt.widgets.Canvas.drawRect(Canvas.java:162)
	at org.eclipse.swt.widgets.Display.windowProc(Display.java:5473)
	at org.eclipse.swt.internal.cocoa.OS.objc_msgSendSuper(Native Method)
	at org.eclipse.swt.widgets.Display.applicationNextEventMatchingMask(Display.java:4875)
	at org.eclipse.swt.widgets.Display.applicationProc(Display.java:5241)
	at org.eclipse.swt.internal.cocoa.OS.objc_msgSend(Native Method)
	at org.eclipse.swt.internal.cocoa.NSApplication.nextEventMatchingMask(NSApplication.java:94)
	at org.eclipse.swt.widgets.Display.readAndDispatch(Display.java:3615)
	at org.eclipse.e4.ui.internal.workbench.swt.PartRenderingEngine$9.run(PartRenderingEngine.java:1053)
	at org.eclipse.core.databinding.observable.Realm.runWithDefault(Realm.java:332)
	at org.eclipse.e4.ui.internal.workbench.swt.PartRenderingEngine.run(PartRenderingEngine.java:942)
	at org.eclipse.e4.ui.internal.workbench.E4Workbench.createAndRunUI(E4Workbench.java:86)
	at org.eclipse.ui.internal.Workbench$5.run(Workbench.java:588)
	at org.eclipse.core.databinding.observable.Realm.runWithDefault(Realm.java:332)
	at org.eclipse.ui.internal.Workbench.createAndRunWorkbench(Workbench.java:543)
	at org.eclipse.ui.PlatformUI.createAndRunWorkbench(PlatformUI.java:149)
	at org.eclipse.ui.internal.ide.application.IDEApplication.start(IDEApplication.java:124)
	at org.eclipse.equinox.internal.app.EclipseAppHandle.run(EclipseAppHandle.java:196)
	at org.eclipse.core.runtime.internal.adaptor.EclipseAppLauncher.runApplication(EclipseAppLauncher.java:110)
	at org.eclipse.core.runtime.internal.adaptor.EclipseAppLauncher.start(EclipseAppLauncher.java:79)
	at org.eclipse.core.runtime.adaptor.EclipseStarter.run(EclipseStarter.java:353)
	at org.eclipse.core.runtime.adaptor.EclipseStarter.run(EclipseStarter.java:180)
	at sun.reflect.NativeMethodAccessorImpl.invoke0(Native Method)
	at sun.reflect.NativeMethodAccessorImpl.invoke(NativeMethodAccessorImpl.java:57)
	at sun.reflect.DelegatingMethodAccessorImpl.invoke(DelegatingMethodAccessorImpl.java:43)
	at java.lang.reflect.Method.invoke(Method.java:606)
	at org.eclipse.equinox.launcher.Main.invokeFramework(Main.java:629)
	at org.eclipse.equinox.launcher.Main.basicRun(Main.java:584)
	at org.eclipse.equinox.launcher.Main.run(Main.java:1438)

!ENTRY com.android.ide.eclipse.adt 4 0 2014-02-24 19:54:58.415
!MESSAGE 
!STACK 0
java.lang.NullPointerException
	at com.android.layoutlib.bridge.impl.RenderSessionImpl.getDefaultProperties(RenderSessionImpl.java:1476)
	at com.android.layoutlib.bridge.BridgeRenderSession.getDefaultProperties(BridgeRenderSession.java:68)
	at com.android.ide.eclipse.adt.internal.editors.layout.gle2.ViewHierarchy.getDefaultProperties(ViewHierarchy.java:710)
	at com.android.ide.eclipse.adt.internal.editors.layout.properties.XmlProperty.getStringValue(XmlProperty.java:209)
	at com.android.ide.eclipse.adt.internal.editors.layout.properties.XmlProperty.getValue(XmlProperty.java:221)
	at com.android.ide.eclipse.adt.internal.editors.layout.properties.XmlPropertyEditor.getText(XmlPropertyEditor.java:116)
	at com.android.ide.eclipse.adt.internal.editors.layout.properties.XmlPropertyEditor.paint(XmlPropertyEditor.java:131)
	at org.eclipse.wb.internal.core.model.property.table.PropertyTable.drawProperty(PropertyTable.java:1309)
	at org.eclipse.wb.internal.core.model.property.table.PropertyTable.drawContent(PropertyTable.java:1151)
	at org.eclipse.wb.internal.core.model.property.table.PropertyTable.handlePaint(PropertyTable.java:1094)
	at org.eclipse.wb.internal.core.model.property.table.PropertyTable.access$200(PropertyTable.java:64)
	at org.eclipse.wb.internal.core.model.property.table.PropertyTable$3.handleEvent(PropertyTable.java:187)
	at org.eclipse.swt.widgets.EventTable.sendEvent(EventTable.java:84)
	at org.eclipse.swt.widgets.Display.sendEvent(Display.java:4136)
	at org.eclipse.swt.widgets.Widget.sendEvent(Widget.java:1458)
	at org.eclipse.swt.widgets.Widget.sendEvent(Widget.java:1481)
	at org.eclipse.swt.widgets.Widget.sendEvent(Widget.java:1466)
	at org.eclipse.swt.widgets.Control.drawWidget(Control.java:1244)
	at org.eclipse.swt.widgets.Canvas.drawWidget(Canvas.java:167)
	at org.eclipse.swt.widgets.Widget.drawRect(Widget.java:741)
	at org.eclipse.swt.widgets.Canvas.drawRect(Canvas.java:162)
	at org.eclipse.swt.widgets.Display.windowProc(Display.java:5473)
	at org.eclipse.swt.internal.cocoa.OS.objc_msgSendSuper(Native Method)
	at org.eclipse.swt.widgets.Display.applicationNextEventMatchingMask(Display.java:4875)
	at org.eclipse.swt.widgets.Display.applicationProc(Display.java:5241)
	at org.eclipse.swt.internal.cocoa.OS.objc_msgSend(Native Method)
	at org.eclipse.swt.internal.cocoa.NSApplication.nextEventMatchingMask(NSApplication.java:94)
	at org.eclipse.swt.widgets.Display.readAndDispatch(Display.java:3615)
	at org.eclipse.e4.ui.internal.workbench.swt.PartRenderingEngine$9.run(PartRenderingEngine.java:1053)
	at org.eclipse.core.databinding.observable.Realm.runWithDefault(Realm.java:332)
	at org.eclipse.e4.ui.internal.workbench.swt.PartRenderingEngine.run(PartRenderingEngine.java:942)
	at org.eclipse.e4.ui.internal.workbench.E4Workbench.createAndRunUI(E4Workbench.java:86)
	at org.eclipse.ui.internal.Workbench$5.run(Workbench.java:588)
	at org.eclipse.core.databinding.observable.Realm.runWithDefault(Realm.java:332)
	at org.eclipse.ui.internal.Workbench.createAndRunWorkbench(Workbench.java:543)
	at org.eclipse.ui.PlatformUI.createAndRunWorkbench(PlatformUI.java:149)
	at org.eclipse.ui.internal.ide.application.IDEApplication.start(IDEApplication.java:124)
	at org.eclipse.equinox.internal.app.EclipseAppHandle.run(EclipseAppHandle.java:196)
	at org.eclipse.core.runtime.internal.adaptor.EclipseAppLauncher.runApplication(EclipseAppLauncher.java:110)
	at org.eclipse.core.runtime.internal.adaptor.EclipseAppLauncher.start(EclipseAppLauncher.java:79)
	at org.eclipse.core.runtime.adaptor.EclipseStarter.run(EclipseStarter.java:353)
	at org.eclipse.core.runtime.adaptor.EclipseStarter.run(EclipseStarter.java:180)
	at sun.reflect.NativeMethodAccessorImpl.invoke0(Native Method)
	at sun.reflect.NativeMethodAccessorImpl.invoke(NativeMethodAccessorImpl.java:57)
	at sun.reflect.DelegatingMethodAccessorImpl.invoke(DelegatingMethodAccessorImpl.java:43)
	at java.lang.reflect.Method.invoke(Method.java:606)
	at org.eclipse.equinox.launcher.Main.invokeFramework(Main.java:629)
	at org.eclipse.equinox.launcher.Main.basicRun(Main.java:584)
	at org.eclipse.equinox.launcher.Main.run(Main.java:1438)

!ENTRY com.android.ide.eclipse.adt 4 0 2014-02-24 19:54:58.417
!MESSAGE 
!STACK 0
java.lang.NullPointerException
	at com.android.layoutlib.bridge.impl.RenderSessionImpl.getDefaultProperties(RenderSessionImpl.java:1476)
	at com.android.layoutlib.bridge.BridgeRenderSession.getDefaultProperties(BridgeRenderSession.java:68)
	at com.android.ide.eclipse.adt.internal.editors.layout.gle2.ViewHierarchy.getDefaultProperties(ViewHierarchy.java:710)
	at com.android.ide.eclipse.adt.internal.editors.layout.properties.XmlProperty.getStringValue(XmlProperty.java:209)
	at com.android.ide.eclipse.adt.internal.editors.layout.properties.XmlProperty.getValue(XmlProperty.java:221)
	at com.android.ide.eclipse.adt.internal.editors.layout.properties.XmlPropertyEditor.getText(XmlPropertyEditor.java:116)
	at com.android.ide.eclipse.adt.internal.editors.layout.properties.XmlPropertyEditor.paint(XmlPropertyEditor.java:131)
	at org.eclipse.wb.internal.core.model.property.table.PropertyTable.drawProperty(PropertyTable.java:1309)
	at org.eclipse.wb.internal.core.model.property.table.PropertyTable.drawContent(PropertyTable.java:1151)
	at org.eclipse.wb.internal.core.model.property.table.PropertyTable.handlePaint(PropertyTable.java:1094)
	at org.eclipse.wb.internal.core.model.property.table.PropertyTable.access$200(PropertyTable.java:64)
	at org.eclipse.wb.internal.core.model.property.table.PropertyTable$3.handleEvent(PropertyTable.java:187)
	at org.eclipse.swt.widgets.EventTable.sendEvent(EventTable.java:84)
	at org.eclipse.swt.widgets.Display.sendEvent(Display.java:4136)
	at org.eclipse.swt.widgets.Widget.sendEvent(Widget.java:1458)
	at org.eclipse.swt.widgets.Widget.sendEvent(Widget.java:1481)
	at org.eclipse.swt.widgets.Widget.sendEvent(Widget.java:1466)
	at org.eclipse.swt.widgets.Control.drawWidget(Control.java:1244)
	at org.eclipse.swt.widgets.Canvas.drawWidget(Canvas.java:167)
	at org.eclipse.swt.widgets.Widget.drawRect(Widget.java:741)
	at org.eclipse.swt.widgets.Canvas.drawRect(Canvas.java:162)
	at org.eclipse.swt.widgets.Display.windowProc(Display.java:5473)
	at org.eclipse.swt.internal.cocoa.OS.objc_msgSendSuper(Native Method)
	at org.eclipse.swt.widgets.Display.applicationNextEventMatchingMask(Display.java:4875)
	at org.eclipse.swt.widgets.Display.applicationProc(Display.java:5241)
	at org.eclipse.swt.internal.cocoa.OS.objc_msgSend(Native Method)
	at org.eclipse.swt.internal.cocoa.NSApplication.nextEventMatchingMask(NSApplication.java:94)
	at org.eclipse.swt.widgets.Display.readAndDispatch(Display.java:3615)
	at org.eclipse.e4.ui.internal.workbench.swt.PartRenderingEngine$9.run(PartRenderingEngine.java:1053)
	at org.eclipse.core.databinding.observable.Realm.runWithDefault(Realm.java:332)
	at org.eclipse.e4.ui.internal.workbench.swt.PartRenderingEngine.run(PartRenderingEngine.java:942)
	at org.eclipse.e4.ui.internal.workbench.E4Workbench.createAndRunUI(E4Workbench.java:86)
	at org.eclipse.ui.internal.Workbench$5.run(Workbench.java:588)
	at org.eclipse.core.databinding.observable.Realm.runWithDefault(Realm.java:332)
	at org.eclipse.ui.internal.Workbench.createAndRunWorkbench(Workbench.java:543)
	at org.eclipse.ui.PlatformUI.createAndRunWorkbench(PlatformUI.java:149)
	at org.eclipse.ui.internal.ide.application.IDEApplication.start(IDEApplication.java:124)
	at org.eclipse.equinox.internal.app.EclipseAppHandle.run(EclipseAppHandle.java:196)
	at org.eclipse.core.runtime.internal.adaptor.EclipseAppLauncher.runApplication(EclipseAppLauncher.java:110)
	at org.eclipse.core.runtime.internal.adaptor.EclipseAppLauncher.start(EclipseAppLauncher.java:79)
	at org.eclipse.core.runtime.adaptor.EclipseStarter.run(EclipseStarter.java:353)
	at org.eclipse.core.runtime.adaptor.EclipseStarter.run(EclipseStarter.java:180)
	at sun.reflect.NativeMethodAccessorImpl.invoke0(Native Method)
	at sun.reflect.NativeMethodAccessorImpl.invoke(NativeMethodAccessorImpl.java:57)
	at sun.reflect.DelegatingMethodAccessorImpl.invoke(DelegatingMethodAccessorImpl.java:43)
	at java.lang.reflect.Method.invoke(Method.java:606)
	at org.eclipse.equinox.launcher.Main.invokeFramework(Main.java:629)
	at org.eclipse.equinox.launcher.Main.basicRun(Main.java:584)
	at org.eclipse.equinox.launcher.Main.run(Main.java:1438)

!ENTRY com.android.ide.eclipse.adt 4 0 2014-02-24 19:59:03.219
!MESSAGE 
!STACK 0
java.lang.NullPointerException
	at com.android.layoutlib.bridge.impl.RenderSessionImpl.getDefaultProperties(RenderSessionImpl.java:1476)
	at com.android.layoutlib.bridge.BridgeRenderSession.getDefaultProperties(BridgeRenderSession.java:68)
	at com.android.ide.eclipse.adt.internal.editors.layout.gle2.ViewHierarchy.getDefaultProperties(ViewHierarchy.java:710)
	at com.android.ide.eclipse.adt.internal.editors.layout.properties.XmlProperty.getStringValue(XmlProperty.java:209)
	at com.android.ide.eclipse.adt.internal.editors.layout.properties.XmlProperty.getValue(XmlProperty.java:221)
	at com.android.ide.eclipse.adt.internal.editors.layout.properties.XmlPropertyEditor.getText(XmlPropertyEditor.java:116)
	at com.android.ide.eclipse.adt.internal.editors.layout.properties.XmlPropertyEditor.paint(XmlPropertyEditor.java:131)
	at org.eclipse.wb.internal.core.model.property.table.PropertyTable.drawProperty(PropertyTable.java:1309)
	at org.eclipse.wb.internal.core.model.property.table.PropertyTable.drawContent(PropertyTable.java:1151)
	at org.eclipse.wb.internal.core.model.property.table.PropertyTable.handlePaint(PropertyTable.java:1094)
	at org.eclipse.wb.internal.core.model.property.table.PropertyTable.access$200(PropertyTable.java:64)
	at org.eclipse.wb.internal.core.model.property.table.PropertyTable$3.handleEvent(PropertyTable.java:187)
	at org.eclipse.swt.widgets.EventTable.sendEvent(EventTable.java:84)
	at org.eclipse.swt.widgets.Display.sendEvent(Display.java:4136)
	at org.eclipse.swt.widgets.Widget.sendEvent(Widget.java:1458)
	at org.eclipse.swt.widgets.Widget.sendEvent(Widget.java:1481)
	at org.eclipse.swt.widgets.Widget.sendEvent(Widget.java:1466)
	at org.eclipse.swt.widgets.Control.drawWidget(Control.java:1244)
	at org.eclipse.swt.widgets.Canvas.drawWidget(Canvas.java:167)
	at org.eclipse.swt.widgets.Widget.drawRect(Widget.java:741)
	at org.eclipse.swt.widgets.Canvas.drawRect(Canvas.java:162)
	at org.eclipse.swt.widgets.Display.windowProc(Display.java:5473)
	at org.eclipse.swt.internal.cocoa.OS.objc_msgSendSuper(Native Method)
	at org.eclipse.swt.widgets.Display.applicationNextEventMatchingMask(Display.java:4875)
	at org.eclipse.swt.widgets.Display.applicationProc(Display.java:5241)
	at org.eclipse.swt.internal.cocoa.OS.objc_msgSend(Native Method)
	at org.eclipse.swt.internal.cocoa.NSApplication.nextEventMatchingMask(NSApplication.java:94)
	at org.eclipse.swt.widgets.Display.readAndDispatch(Display.java:3615)
	at org.eclipse.e4.ui.internal.workbench.swt.PartRenderingEngine$9.run(PartRenderingEngine.java:1053)
	at org.eclipse.core.databinding.observable.Realm.runWithDefault(Realm.java:332)
	at org.eclipse.e4.ui.internal.workbench.swt.PartRenderingEngine.run(PartRenderingEngine.java:942)
	at org.eclipse.e4.ui.internal.workbench.E4Workbench.createAndRunUI(E4Workbench.java:86)
	at org.eclipse.ui.internal.Workbench$5.run(Workbench.java:588)
	at org.eclipse.core.databinding.observable.Realm.runWithDefault(Realm.java:332)
	at org.eclipse.ui.internal.Workbench.createAndRunWorkbench(Workbench.java:543)
	at org.eclipse.ui.PlatformUI.createAndRunWorkbench(PlatformUI.java:149)
	at org.eclipse.ui.internal.ide.application.IDEApplication.start(IDEApplication.java:124)
	at org.eclipse.equinox.internal.app.EclipseAppHandle.run(EclipseAppHandle.java:196)
	at org.eclipse.core.runtime.internal.adaptor.EclipseAppLauncher.runApplication(EclipseAppLauncher.java:110)
	at org.eclipse.core.runtime.internal.adaptor.EclipseAppLauncher.start(EclipseAppLauncher.java:79)
	at org.eclipse.core.runtime.adaptor.EclipseStarter.run(EclipseStarter.java:353)
	at org.eclipse.core.runtime.adaptor.EclipseStarter.run(EclipseStarter.java:180)
	at sun.reflect.NativeMethodAccessorImpl.invoke0(Native Method)
	at sun.reflect.NativeMethodAccessorImpl.invoke(NativeMethodAccessorImpl.java:57)
	at sun.reflect.DelegatingMethodAccessorImpl.invoke(DelegatingMethodAccessorImpl.java:43)
	at java.lang.reflect.Method.invoke(Method.java:606)
	at org.eclipse.equinox.launcher.Main.invokeFramework(Main.java:629)
	at org.eclipse.equinox.launcher.Main.basicRun(Main.java:584)
	at org.eclipse.equinox.launcher.Main.run(Main.java:1438)

!ENTRY com.android.ide.eclipse.adt 4 0 2014-02-24 19:59:03.323
!MESSAGE 
!STACK 0
java.lang.NullPointerException
	at com.android.layoutlib.bridge.impl.RenderSessionImpl.getDefaultProperties(RenderSessionImpl.java:1476)
	at com.android.layoutlib.bridge.BridgeRenderSession.getDefaultProperties(BridgeRenderSession.java:68)
	at com.android.ide.eclipse.adt.internal.editors.layout.gle2.ViewHierarchy.getDefaultProperties(ViewHierarchy.java:710)
	at com.android.ide.eclipse.adt.internal.editors.layout.properties.XmlProperty.getStringValue(XmlProperty.java:209)
	at com.android.ide.eclipse.adt.internal.editors.layout.properties.XmlProperty.getValue(XmlProperty.java:221)
	at com.android.ide.eclipse.adt.internal.editors.layout.properties.XmlPropertyEditor.getText(XmlPropertyEditor.java:116)
	at com.android.ide.eclipse.adt.internal.editors.layout.properties.XmlPropertyEditor.paint(XmlPropertyEditor.java:131)
	at org.eclipse.wb.internal.core.model.property.table.PropertyTable.drawProperty(PropertyTable.java:1309)
	at org.eclipse.wb.internal.core.model.property.table.PropertyTable.drawContent(PropertyTable.java:1151)
	at org.eclipse.wb.internal.core.model.property.table.PropertyTable.handlePaint(PropertyTable.java:1094)
	at org.eclipse.wb.internal.core.model.property.table.PropertyTable.access$200(PropertyTable.java:64)
	at org.eclipse.wb.internal.core.model.property.table.PropertyTable$3.handleEvent(PropertyTable.java:187)
	at org.eclipse.swt.widgets.EventTable.sendEvent(EventTable.java:84)
	at org.eclipse.swt.widgets.Display.sendEvent(Display.java:4136)
	at org.eclipse.swt.widgets.Widget.sendEvent(Widget.java:1458)
	at org.eclipse.swt.widgets.Widget.sendEvent(Widget.java:1481)
	at org.eclipse.swt.widgets.Widget.sendEvent(Widget.java:1466)
	at org.eclipse.swt.widgets.Control.drawWidget(Control.java:1244)
	at org.eclipse.swt.widgets.Canvas.drawWidget(Canvas.java:167)
	at org.eclipse.swt.widgets.Widget.drawRect(Widget.java:741)
	at org.eclipse.swt.widgets.Canvas.drawRect(Canvas.java:162)
	at org.eclipse.swt.widgets.Display.windowProc(Display.java:5473)
	at org.eclipse.swt.internal.cocoa.OS.objc_msgSendSuper(Native Method)
	at org.eclipse.swt.widgets.Display.applicationNextEventMatchingMask(Display.java:4875)
	at org.eclipse.swt.widgets.Display.applicationProc(Display.java:5241)
	at org.eclipse.swt.internal.cocoa.OS.objc_msgSend(Native Method)
	at org.eclipse.swt.internal.cocoa.NSApplication.nextEventMatchingMask(NSApplication.java:94)
	at org.eclipse.swt.widgets.Display.readAndDispatch(Display.java:3615)
	at org.eclipse.e4.ui.internal.workbench.swt.PartRenderingEngine$9.run(PartRenderingEngine.java:1053)
	at org.eclipse.core.databinding.observable.Realm.runWithDefault(Realm.java:332)
	at org.eclipse.e4.ui.internal.workbench.swt.PartRenderingEngine.run(PartRenderingEngine.java:942)
	at org.eclipse.e4.ui.internal.workbench.E4Workbench.createAndRunUI(E4Workbench.java:86)
	at org.eclipse.ui.internal.Workbench$5.run(Workbench.java:588)
	at org.eclipse.core.databinding.observable.Realm.runWithDefault(Realm.java:332)
	at org.eclipse.ui.internal.Workbench.createAndRunWorkbench(Workbench.java:543)
	at org.eclipse.ui.PlatformUI.createAndRunWorkbench(PlatformUI.java:149)
	at org.eclipse.ui.internal.ide.application.IDEApplication.start(IDEApplication.java:124)
	at org.eclipse.equinox.internal.app.EclipseAppHandle.run(EclipseAppHandle.java:196)
	at org.eclipse.core.runtime.internal.adaptor.EclipseAppLauncher.runApplication(EclipseAppLauncher.java:110)
	at org.eclipse.core.runtime.internal.adaptor.EclipseAppLauncher.start(EclipseAppLauncher.java:79)
	at org.eclipse.core.runtime.adaptor.EclipseStarter.run(EclipseStarter.java:353)
	at org.eclipse.core.runtime.adaptor.EclipseStarter.run(EclipseStarter.java:180)
	at sun.reflect.NativeMethodAccessorImpl.invoke0(Native Method)
	at sun.reflect.NativeMethodAccessorImpl.invoke(NativeMethodAccessorImpl.java:57)
	at sun.reflect.DelegatingMethodAccessorImpl.invoke(DelegatingMethodAccessorImpl.java:43)
	at java.lang.reflect.Method.invoke(Method.java:606)
	at org.eclipse.equinox.launcher.Main.invokeFramework(Main.java:629)
	at org.eclipse.equinox.launcher.Main.basicRun(Main.java:584)
	at org.eclipse.equinox.launcher.Main.run(Main.java:1438)

!ENTRY com.android.ide.eclipse.adt 4 0 2014-02-24 19:59:03.331
!MESSAGE 
!STACK 0
java.lang.NullPointerException
	at com.android.layoutlib.bridge.impl.RenderSessionImpl.getDefaultProperties(RenderSessionImpl.java:1476)
	at com.android.layoutlib.bridge.BridgeRenderSession.getDefaultProperties(BridgeRenderSession.java:68)
	at com.android.ide.eclipse.adt.internal.editors.layout.gle2.ViewHierarchy.getDefaultProperties(ViewHierarchy.java:710)
	at com.android.ide.eclipse.adt.internal.editors.layout.properties.XmlProperty.getStringValue(XmlProperty.java:209)
	at com.android.ide.eclipse.adt.internal.editors.layout.properties.XmlProperty.getValue(XmlProperty.java:221)
	at com.android.ide.eclipse.adt.internal.editors.layout.properties.XmlPropertyEditor.getText(XmlPropertyEditor.java:116)
	at com.android.ide.eclipse.adt.internal.editors.layout.properties.XmlPropertyEditor.paint(XmlPropertyEditor.java:131)
	at org.eclipse.wb.internal.core.model.property.table.PropertyTable.drawProperty(PropertyTable.java:1309)
	at org.eclipse.wb.internal.core.model.property.table.PropertyTable.drawContent(PropertyTable.java:1151)
	at org.eclipse.wb.internal.core.model.property.table.PropertyTable.handlePaint(PropertyTable.java:1094)
	at org.eclipse.wb.internal.core.model.property.table.PropertyTable.access$200(PropertyTable.java:64)
	at org.eclipse.wb.internal.core.model.property.table.PropertyTable$3.handleEvent(PropertyTable.java:187)
	at org.eclipse.swt.widgets.EventTable.sendEvent(EventTable.java:84)
	at org.eclipse.swt.widgets.Display.sendEvent(Display.java:4136)
	at org.eclipse.swt.widgets.Widget.sendEvent(Widget.java:1458)
	at org.eclipse.swt.widgets.Widget.sendEvent(Widget.java:1481)
	at org.eclipse.swt.widgets.Widget.sendEvent(Widget.java:1466)
	at org.eclipse.swt.widgets.Control.drawWidget(Control.java:1244)
	at org.eclipse.swt.widgets.Canvas.drawWidget(Canvas.java:167)
	at org.eclipse.swt.widgets.Widget.drawRect(Widget.java:741)
	at org.eclipse.swt.widgets.Canvas.drawRect(Canvas.java:162)
	at org.eclipse.swt.widgets.Display.windowProc(Display.java:5473)
	at org.eclipse.swt.internal.cocoa.OS.objc_msgSendSuper(Native Method)
	at org.eclipse.swt.widgets.Display.applicationNextEventMatchingMask(Display.java:4875)
	at org.eclipse.swt.widgets.Display.applicationProc(Display.java:5241)
	at org.eclipse.swt.internal.cocoa.OS.objc_msgSend(Native Method)
	at org.eclipse.swt.internal.cocoa.NSApplication.nextEventMatchingMask(NSApplication.java:94)
	at org.eclipse.swt.widgets.Display.readAndDispatch(Display.java:3615)
	at org.eclipse.e4.ui.internal.workbench.swt.PartRenderingEngine$9.run(PartRenderingEngine.java:1053)
	at org.eclipse.core.databinding.observable.Realm.runWithDefault(Realm.java:332)
	at org.eclipse.e4.ui.internal.workbench.swt.PartRenderingEngine.run(PartRenderingEngine.java:942)
	at org.eclipse.e4.ui.internal.workbench.E4Workbench.createAndRunUI(E4Workbench.java:86)
	at org.eclipse.ui.internal.Workbench$5.run(Workbench.java:588)
	at org.eclipse.core.databinding.observable.Realm.runWithDefault(Realm.java:332)
	at org.eclipse.ui.internal.Workbench.createAndRunWorkbench(Workbench.java:543)
	at org.eclipse.ui.PlatformUI.createAndRunWorkbench(PlatformUI.java:149)
	at org.eclipse.ui.internal.ide.application.IDEApplication.start(IDEApplication.java:124)
	at org.eclipse.equinox.internal.app.EclipseAppHandle.run(EclipseAppHandle.java:196)
	at org.eclipse.core.runtime.internal.adaptor.EclipseAppLauncher.runApplication(EclipseAppLauncher.java:110)
	at org.eclipse.core.runtime.internal.adaptor.EclipseAppLauncher.start(EclipseAppLauncher.java:79)
	at org.eclipse.core.runtime.adaptor.EclipseStarter.run(EclipseStarter.java:353)
	at org.eclipse.core.runtime.adaptor.EclipseStarter.run(EclipseStarter.java:180)
	at sun.reflect.NativeMethodAccessorImpl.invoke0(Native Method)
	at sun.reflect.NativeMethodAccessorImpl.invoke(NativeMethodAccessorImpl.java:57)
	at sun.reflect.DelegatingMethodAccessorImpl.invoke(DelegatingMethodAccessorImpl.java:43)
	at java.lang.reflect.Method.invoke(Method.java:606)
	at org.eclipse.equinox.launcher.Main.invokeFramework(Main.java:629)
	at org.eclipse.equinox.launcher.Main.basicRun(Main.java:584)
	at org.eclipse.equinox.launcher.Main.run(Main.java:1438)

!ENTRY com.android.ide.eclipse.adt 4 0 2014-02-24 19:59:03.372
!MESSAGE 
!STACK 0
java.lang.NullPointerException
	at com.android.layoutlib.bridge.impl.RenderSessionImpl.getDefaultProperties(RenderSessionImpl.java:1476)
	at com.android.layoutlib.bridge.BridgeRenderSession.getDefaultProperties(BridgeRenderSession.java:68)
	at com.android.ide.eclipse.adt.internal.editors.layout.gle2.ViewHierarchy.getDefaultProperties(ViewHierarchy.java:710)
	at com.android.ide.eclipse.adt.internal.editors.layout.properties.XmlProperty.getStringValue(XmlProperty.java:209)
	at com.android.ide.eclipse.adt.internal.editors.layout.properties.XmlProperty.getValue(XmlProperty.java:221)
	at com.android.ide.eclipse.adt.internal.editors.layout.properties.XmlPropertyEditor.getText(XmlPropertyEditor.java:116)
	at com.android.ide.eclipse.adt.internal.editors.layout.properties.XmlPropertyEditor.paint(XmlPropertyEditor.java:131)
	at org.eclipse.wb.internal.core.model.property.table.PropertyTable.drawProperty(PropertyTable.java:1309)
	at org.eclipse.wb.internal.core.model.property.table.PropertyTable.drawContent(PropertyTable.java:1151)
	at org.eclipse.wb.internal.core.model.property.table.PropertyTable.handlePaint(PropertyTable.java:1094)
	at org.eclipse.wb.internal.core.model.property.table.PropertyTable.access$200(PropertyTable.java:64)
	at org.eclipse.wb.internal.core.model.property.table.PropertyTable$3.handleEvent(PropertyTable.java:187)
	at org.eclipse.swt.widgets.EventTable.sendEvent(EventTable.java:84)
	at org.eclipse.swt.widgets.Display.sendEvent(Display.java:4136)
	at org.eclipse.swt.widgets.Widget.sendEvent(Widget.java:1458)
	at org.eclipse.swt.widgets.Widget.sendEvent(Widget.java:1481)
	at org.eclipse.swt.widgets.Widget.sendEvent(Widget.java:1466)
	at org.eclipse.swt.widgets.Control.drawWidget(Control.java:1244)
	at org.eclipse.swt.widgets.Canvas.drawWidget(Canvas.java:167)
	at org.eclipse.swt.widgets.Widget.drawRect(Widget.java:741)
	at org.eclipse.swt.widgets.Canvas.drawRect(Canvas.java:162)
	at org.eclipse.swt.widgets.Display.windowProc(Display.java:5473)
	at org.eclipse.swt.internal.cocoa.OS.objc_msgSendSuper(Native Method)
	at org.eclipse.swt.widgets.Display.applicationNextEventMatchingMask(Display.java:4875)
	at org.eclipse.swt.widgets.Display.applicationProc(Display.java:5241)
	at org.eclipse.swt.internal.cocoa.OS.objc_msgSend(Native Method)
	at org.eclipse.swt.internal.cocoa.NSApplication.nextEventMatchingMask(NSApplication.java:94)
	at org.eclipse.swt.widgets.Display.readAndDispatch(Display.java:3615)
	at org.eclipse.e4.ui.internal.workbench.swt.PartRenderingEngine$9.run(PartRenderingEngine.java:1053)
	at org.eclipse.core.databinding.observable.Realm.runWithDefault(Realm.java:332)
	at org.eclipse.e4.ui.internal.workbench.swt.PartRenderingEngine.run(PartRenderingEngine.java:942)
	at org.eclipse.e4.ui.internal.workbench.E4Workbench.createAndRunUI(E4Workbench.java:86)
	at org.eclipse.ui.internal.Workbench$5.run(Workbench.java:588)
	at org.eclipse.core.databinding.observable.Realm.runWithDefault(Realm.java:332)
	at org.eclipse.ui.internal.Workbench.createAndRunWorkbench(Workbench.java:543)
	at org.eclipse.ui.PlatformUI.createAndRunWorkbench(PlatformUI.java:149)
	at org.eclipse.ui.internal.ide.application.IDEApplication.start(IDEApplication.java:124)
	at org.eclipse.equinox.internal.app.EclipseAppHandle.run(EclipseAppHandle.java:196)
	at org.eclipse.core.runtime.internal.adaptor.EclipseAppLauncher.runApplication(EclipseAppLauncher.java:110)
	at org.eclipse.core.runtime.internal.adaptor.EclipseAppLauncher.start(EclipseAppLauncher.java:79)
	at org.eclipse.core.runtime.adaptor.EclipseStarter.run(EclipseStarter.java:353)
	at org.eclipse.core.runtime.adaptor.EclipseStarter.run(EclipseStarter.java:180)
	at sun.reflect.NativeMethodAccessorImpl.invoke0(Native Method)
	at sun.reflect.NativeMethodAccessorImpl.invoke(NativeMethodAccessorImpl.java:57)
	at sun.reflect.DelegatingMethodAccessorImpl.invoke(DelegatingMethodAccessorImpl.java:43)
	at java.lang.reflect.Method.invoke(Method.java:606)
	at org.eclipse.equinox.launcher.Main.invokeFramework(Main.java:629)
	at org.eclipse.equinox.launcher.Main.basicRun(Main.java:584)
	at org.eclipse.equinox.launcher.Main.run(Main.java:1438)

!ENTRY com.android.ide.eclipse.adt 4 0 2014-02-24 19:59:03.383
!MESSAGE 
!STACK 0
java.lang.NullPointerException
	at com.android.layoutlib.bridge.impl.RenderSessionImpl.getDefaultProperties(RenderSessionImpl.java:1476)
	at com.android.layoutlib.bridge.BridgeRenderSession.getDefaultProperties(BridgeRenderSession.java:68)
	at com.android.ide.eclipse.adt.internal.editors.layout.gle2.ViewHierarchy.getDefaultProperties(ViewHierarchy.java:710)
	at com.android.ide.eclipse.adt.internal.editors.layout.properties.XmlProperty.getStringValue(XmlProperty.java:209)
	at com.android.ide.eclipse.adt.internal.editors.layout.properties.XmlProperty.getValue(XmlProperty.java:221)
	at com.android.ide.eclipse.adt.internal.editors.layout.properties.XmlPropertyEditor.getText(XmlPropertyEditor.java:116)
	at com.android.ide.eclipse.adt.internal.editors.layout.properties.XmlPropertyEditor.paint(XmlPropertyEditor.java:131)
	at org.eclipse.wb.internal.core.model.property.table.PropertyTable.drawProperty(PropertyTable.java:1309)
	at org.eclipse.wb.internal.core.model.property.table.PropertyTable.drawContent(PropertyTable.java:1151)
	at org.eclipse.wb.internal.core.model.property.table.PropertyTable.handlePaint(PropertyTable.java:1094)
	at org.eclipse.wb.internal.core.model.property.table.PropertyTable.access$200(PropertyTable.java:64)
	at org.eclipse.wb.internal.core.model.property.table.PropertyTable$3.handleEvent(PropertyTable.java:187)
	at org.eclipse.swt.widgets.EventTable.sendEvent(EventTable.java:84)
	at org.eclipse.swt.widgets.Display.sendEvent(Display.java:4136)
	at org.eclipse.swt.widgets.Widget.sendEvent(Widget.java:1458)
	at org.eclipse.swt.widgets.Widget.sendEvent(Widget.java:1481)
	at org.eclipse.swt.widgets.Widget.sendEvent(Widget.java:1466)
	at org.eclipse.swt.widgets.Control.drawWidget(Control.java:1244)
	at org.eclipse.swt.widgets.Canvas.drawWidget(Canvas.java:167)
	at org.eclipse.swt.widgets.Widget.drawRect(Widget.java:741)
	at org.eclipse.swt.widgets.Canvas.drawRect(Canvas.java:162)
	at org.eclipse.swt.widgets.Display.windowProc(Display.java:5473)
	at org.eclipse.swt.internal.cocoa.OS.objc_msgSendSuper(Native Method)
	at org.eclipse.swt.widgets.Display.applicationNextEventMatchingMask(Display.java:4875)
	at org.eclipse.swt.widgets.Display.applicationProc(Display.java:5241)
	at org.eclipse.swt.internal.cocoa.OS.objc_msgSend(Native Method)
	at org.eclipse.swt.internal.cocoa.NSApplication.nextEventMatchingMask(NSApplication.java:94)
	at org.eclipse.swt.widgets.Display.readAndDispatch(Display.java:3615)
	at org.eclipse.e4.ui.internal.workbench.swt.PartRenderingEngine$9.run(PartRenderingEngine.java:1053)
	at org.eclipse.core.databinding.observable.Realm.runWithDefault(Realm.java:332)
	at org.eclipse.e4.ui.internal.workbench.swt.PartRenderingEngine.run(PartRenderingEngine.java:942)
	at org.eclipse.e4.ui.internal.workbench.E4Workbench.createAndRunUI(E4Workbench.java:86)
	at org.eclipse.ui.internal.Workbench$5.run(Workbench.java:588)
	at org.eclipse.core.databinding.observable.Realm.runWithDefault(Realm.java:332)
	at org.eclipse.ui.internal.Workbench.createAndRunWorkbench(Workbench.java:543)
	at org.eclipse.ui.PlatformUI.createAndRunWorkbench(PlatformUI.java:149)
	at org.eclipse.ui.internal.ide.application.IDEApplication.start(IDEApplication.java:124)
	at org.eclipse.equinox.internal.app.EclipseAppHandle.run(EclipseAppHandle.java:196)
	at org.eclipse.core.runtime.internal.adaptor.EclipseAppLauncher.runApplication(EclipseAppLauncher.java:110)
	at org.eclipse.core.runtime.internal.adaptor.EclipseAppLauncher.start(EclipseAppLauncher.java:79)
	at org.eclipse.core.runtime.adaptor.EclipseStarter.run(EclipseStarter.java:353)
	at org.eclipse.core.runtime.adaptor.EclipseStarter.run(EclipseStarter.java:180)
	at sun.reflect.NativeMethodAccessorImpl.invoke0(Native Method)
	at sun.reflect.NativeMethodAccessorImpl.invoke(NativeMethodAccessorImpl.java:57)
	at sun.reflect.DelegatingMethodAccessorImpl.invoke(DelegatingMethodAccessorImpl.java:43)
	at java.lang.reflect.Method.invoke(Method.java:606)
	at org.eclipse.equinox.launcher.Main.invokeFramework(Main.java:629)
	at org.eclipse.equinox.launcher.Main.basicRun(Main.java:584)
	at org.eclipse.equinox.launcher.Main.run(Main.java:1438)

!ENTRY com.android.ide.eclipse.adt 4 0 2014-02-24 19:59:03.397
!MESSAGE 
!STACK 0
java.lang.NullPointerException
	at com.android.layoutlib.bridge.impl.RenderSessionImpl.getDefaultProperties(RenderSessionImpl.java:1476)
	at com.android.layoutlib.bridge.BridgeRenderSession.getDefaultProperties(BridgeRenderSession.java:68)
	at com.android.ide.eclipse.adt.internal.editors.layout.gle2.ViewHierarchy.getDefaultProperties(ViewHierarchy.java:710)
	at com.android.ide.eclipse.adt.internal.editors.layout.properties.XmlProperty.getStringValue(XmlProperty.java:209)
	at com.android.ide.eclipse.adt.internal.editors.layout.properties.XmlProperty.getValue(XmlProperty.java:221)
	at com.android.ide.eclipse.adt.internal.editors.layout.properties.XmlPropertyEditor.getText(XmlPropertyEditor.java:116)
	at com.android.ide.eclipse.adt.internal.editors.layout.properties.XmlPropertyEditor.paint(XmlPropertyEditor.java:131)
	at org.eclipse.wb.internal.core.model.property.table.PropertyTable.drawProperty(PropertyTable.java:1309)
	at org.eclipse.wb.internal.core.model.property.table.PropertyTable.drawContent(PropertyTable.java:1151)
	at org.eclipse.wb.internal.core.model.property.table.PropertyTable.handlePaint(PropertyTable.java:1094)
	at org.eclipse.wb.internal.core.model.property.table.PropertyTable.access$200(PropertyTable.java:64)
	at org.eclipse.wb.internal.core.model.property.table.PropertyTable$3.handleEvent(PropertyTable.java:187)
	at org.eclipse.swt.widgets.EventTable.sendEvent(EventTable.java:84)
	at org.eclipse.swt.widgets.Display.sendEvent(Display.java:4136)
	at org.eclipse.swt.widgets.Widget.sendEvent(Widget.java:1458)
	at org.eclipse.swt.widgets.Widget.sendEvent(Widget.java:1481)
	at org.eclipse.swt.widgets.Widget.sendEvent(Widget.java:1466)
	at org.eclipse.swt.widgets.Control.drawWidget(Control.java:1244)
	at org.eclipse.swt.widgets.Canvas.drawWidget(Canvas.java:167)
	at org.eclipse.swt.widgets.Widget.drawRect(Widget.java:741)
	at org.eclipse.swt.widgets.Canvas.drawRect(Canvas.java:162)
	at org.eclipse.swt.widgets.Display.windowProc(Display.java:5473)
	at org.eclipse.swt.internal.cocoa.OS.objc_msgSendSuper(Native Method)
	at org.eclipse.swt.widgets.Display.applicationNextEventMatchingMask(Display.java:4875)
	at org.eclipse.swt.widgets.Display.applicationProc(Display.java:5241)
	at org.eclipse.swt.internal.cocoa.OS.objc_msgSend(Native Method)
	at org.eclipse.swt.internal.cocoa.NSApplication.nextEventMatchingMask(NSApplication.java:94)
	at org.eclipse.swt.widgets.Display.readAndDispatch(Display.java:3615)
	at org.eclipse.e4.ui.internal.workbench.swt.PartRenderingEngine$9.run(PartRenderingEngine.java:1053)
	at org.eclipse.core.databinding.observable.Realm.runWithDefault(Realm.java:332)
	at org.eclipse.e4.ui.internal.workbench.swt.PartRenderingEngine.run(PartRenderingEngine.java:942)
	at org.eclipse.e4.ui.internal.workbench.E4Workbench.createAndRunUI(E4Workbench.java:86)
	at org.eclipse.ui.internal.Workbench$5.run(Workbench.java:588)
	at org.eclipse.core.databinding.observable.Realm.runWithDefault(Realm.java:332)
	at org.eclipse.ui.internal.Workbench.createAndRunWorkbench(Workbench.java:543)
	at org.eclipse.ui.PlatformUI.createAndRunWorkbench(PlatformUI.java:149)
	at org.eclipse.ui.internal.ide.application.IDEApplication.start(IDEApplication.java:124)
	at org.eclipse.equinox.internal.app.EclipseAppHandle.run(EclipseAppHandle.java:196)
	at org.eclipse.core.runtime.internal.adaptor.EclipseAppLauncher.runApplication(EclipseAppLauncher.java:110)
	at org.eclipse.core.runtime.internal.adaptor.EclipseAppLauncher.start(EclipseAppLauncher.java:79)
	at org.eclipse.core.runtime.adaptor.EclipseStarter.run(EclipseStarter.java:353)
	at org.eclipse.core.runtime.adaptor.EclipseStarter.run(EclipseStarter.java:180)
	at sun.reflect.NativeMethodAccessorImpl.invoke0(Native Method)
	at sun.reflect.NativeMethodAccessorImpl.invoke(NativeMethodAccessorImpl.java:57)
	at sun.reflect.DelegatingMethodAccessorImpl.invoke(DelegatingMethodAccessorImpl.java:43)
	at java.lang.reflect.Method.invoke(Method.java:606)
	at org.eclipse.equinox.launcher.Main.invokeFramework(Main.java:629)
	at org.eclipse.equinox.launcher.Main.basicRun(Main.java:584)
	at org.eclipse.equinox.launcher.Main.run(Main.java:1438)

!ENTRY com.android.ide.eclipse.adt 4 0 2014-02-24 19:59:03.430
!MESSAGE 
!STACK 0
java.lang.NullPointerException
	at com.android.layoutlib.bridge.impl.RenderSessionImpl.getDefaultProperties(RenderSessionImpl.java:1476)
	at com.android.layoutlib.bridge.BridgeRenderSession.getDefaultProperties(BridgeRenderSession.java:68)
	at com.android.ide.eclipse.adt.internal.editors.layout.gle2.ViewHierarchy.getDefaultProperties(ViewHierarchy.java:710)
	at com.android.ide.eclipse.adt.internal.editors.layout.properties.XmlProperty.getStringValue(XmlProperty.java:209)
	at com.android.ide.eclipse.adt.internal.editors.layout.properties.XmlProperty.getValue(XmlProperty.java:221)
	at com.android.ide.eclipse.adt.internal.editors.layout.properties.XmlPropertyEditor.getText(XmlPropertyEditor.java:116)
	at com.android.ide.eclipse.adt.internal.editors.layout.properties.XmlPropertyEditor.paint(XmlPropertyEditor.java:131)
	at org.eclipse.wb.internal.core.model.property.table.PropertyTable.drawProperty(PropertyTable.java:1309)
	at org.eclipse.wb.internal.core.model.property.table.PropertyTable.drawContent(PropertyTable.java:1151)
	at org.eclipse.wb.internal.core.model.property.table.PropertyTable.handlePaint(PropertyTable.java:1094)
	at org.eclipse.wb.internal.core.model.property.table.PropertyTable.access$200(PropertyTable.java:64)
	at org.eclipse.wb.internal.core.model.property.table.PropertyTable$3.handleEvent(PropertyTable.java:187)
	at org.eclipse.swt.widgets.EventTable.sendEvent(EventTable.java:84)
	at org.eclipse.swt.widgets.Display.sendEvent(Display.java:4136)
	at org.eclipse.swt.widgets.Widget.sendEvent(Widget.java:1458)
	at org.eclipse.swt.widgets.Widget.sendEvent(Widget.java:1481)
	at org.eclipse.swt.widgets.Widget.sendEvent(Widget.java:1466)
	at org.eclipse.swt.widgets.Control.drawWidget(Control.java:1244)
	at org.eclipse.swt.widgets.Canvas.drawWidget(Canvas.java:167)
	at org.eclipse.swt.widgets.Widget.drawRect(Widget.java:741)
	at org.eclipse.swt.widgets.Canvas.drawRect(Canvas.java:162)
	at org.eclipse.swt.widgets.Display.windowProc(Display.java:5473)
	at org.eclipse.swt.internal.cocoa.OS.objc_msgSendSuper(Native Method)
	at org.eclipse.swt.widgets.Display.applicationNextEventMatchingMask(Display.java:4875)
	at org.eclipse.swt.widgets.Display.applicationProc(Display.java:5241)
	at org.eclipse.swt.internal.cocoa.OS.objc_msgSend(Native Method)
	at org.eclipse.swt.internal.cocoa.NSApplication.nextEventMatchingMask(NSApplication.java:94)
	at org.eclipse.swt.widgets.Display.readAndDispatch(Display.java:3615)
	at org.eclipse.e4.ui.internal.workbench.swt.PartRenderingEngine$9.run(PartRenderingEngine.java:1053)
	at org.eclipse.core.databinding.observable.Realm.runWithDefault(Realm.java:332)
	at org.eclipse.e4.ui.internal.workbench.swt.PartRenderingEngine.run(PartRenderingEngine.java:942)
	at org.eclipse.e4.ui.internal.workbench.E4Workbench.createAndRunUI(E4Workbench.java:86)
	at org.eclipse.ui.internal.Workbench$5.run(Workbench.java:588)
	at org.eclipse.core.databinding.observable.Realm.runWithDefault(Realm.java:332)
	at org.eclipse.ui.internal.Workbench.createAndRunWorkbench(Workbench.java:543)
	at org.eclipse.ui.PlatformUI.createAndRunWorkbench(PlatformUI.java:149)
	at org.eclipse.ui.internal.ide.application.IDEApplication.start(IDEApplication.java:124)
	at org.eclipse.equinox.internal.app.EclipseAppHandle.run(EclipseAppHandle.java:196)
	at org.eclipse.core.runtime.internal.adaptor.EclipseAppLauncher.runApplication(EclipseAppLauncher.java:110)
	at org.eclipse.core.runtime.internal.adaptor.EclipseAppLauncher.start(EclipseAppLauncher.java:79)
	at org.eclipse.core.runtime.adaptor.EclipseStarter.run(EclipseStarter.java:353)
	at org.eclipse.core.runtime.adaptor.EclipseStarter.run(EclipseStarter.java:180)
	at sun.reflect.NativeMethodAccessorImpl.invoke0(Native Method)
	at sun.reflect.NativeMethodAccessorImpl.invoke(NativeMethodAccessorImpl.java:57)
	at sun.reflect.DelegatingMethodAccessorImpl.invoke(DelegatingMethodAccessorImpl.java:43)
	at java.lang.reflect.Method.invoke(Method.java:606)
	at org.eclipse.equinox.launcher.Main.invokeFramework(Main.java:629)
	at org.eclipse.equinox.launcher.Main.basicRun(Main.java:584)
	at org.eclipse.equinox.launcher.Main.run(Main.java:1438)

!ENTRY com.android.ide.eclipse.adt 4 0 2014-02-24 19:59:03.783
!MESSAGE 
!STACK 0
java.lang.NullPointerException
	at com.android.layoutlib.bridge.impl.RenderSessionImpl.getDefaultProperties(RenderSessionImpl.java:1476)
	at com.android.layoutlib.bridge.BridgeRenderSession.getDefaultProperties(BridgeRenderSession.java:68)
	at com.android.ide.eclipse.adt.internal.editors.layout.gle2.ViewHierarchy.getDefaultProperties(ViewHierarchy.java:710)
	at com.android.ide.eclipse.adt.internal.editors.layout.properties.XmlProperty.getStringValue(XmlProperty.java:209)
	at com.android.ide.eclipse.adt.internal.editors.layout.properties.XmlProperty.getValue(XmlProperty.java:221)
	at com.android.ide.eclipse.adt.internal.editors.layout.properties.XmlPropertyEditor.getText(XmlPropertyEditor.java:116)
	at com.android.ide.eclipse.adt.internal.editors.layout.properties.XmlPropertyEditor.paint(XmlPropertyEditor.java:131)
	at org.eclipse.wb.internal.core.model.property.table.PropertyTable.drawProperty(PropertyTable.java:1309)
	at org.eclipse.wb.internal.core.model.property.table.PropertyTable.drawContent(PropertyTable.java:1151)
	at org.eclipse.wb.internal.core.model.property.table.PropertyTable.handlePaint(PropertyTable.java:1094)
	at org.eclipse.wb.internal.core.model.property.table.PropertyTable.access$200(PropertyTable.java:64)
	at org.eclipse.wb.internal.core.model.property.table.PropertyTable$3.handleEvent(PropertyTable.java:187)
	at org.eclipse.swt.widgets.EventTable.sendEvent(EventTable.java:84)
	at org.eclipse.swt.widgets.Display.sendEvent(Display.java:4136)
	at org.eclipse.swt.widgets.Widget.sendEvent(Widget.java:1458)
	at org.eclipse.swt.widgets.Widget.sendEvent(Widget.java:1481)
	at org.eclipse.swt.widgets.Widget.sendEvent(Widget.java:1466)
	at org.eclipse.swt.widgets.Control.drawWidget(Control.java:1244)
	at org.eclipse.swt.widgets.Canvas.drawWidget(Canvas.java:167)
	at org.eclipse.swt.widgets.Widget.drawRect(Widget.java:741)
	at org.eclipse.swt.widgets.Canvas.drawRect(Canvas.java:162)
	at org.eclipse.swt.widgets.Display.windowProc(Display.java:5473)
	at org.eclipse.swt.internal.cocoa.OS.objc_msgSendSuper(Native Method)
	at org.eclipse.swt.widgets.Display.applicationNextEventMatchingMask(Display.java:4875)
	at org.eclipse.swt.widgets.Display.applicationProc(Display.java:5241)
	at org.eclipse.swt.internal.cocoa.OS.objc_msgSend(Native Method)
	at org.eclipse.swt.internal.cocoa.NSApplication.nextEventMatchingMask(NSApplication.java:94)
	at org.eclipse.swt.widgets.Display.readAndDispatch(Display.java:3615)
	at org.eclipse.e4.ui.internal.workbench.swt.PartRenderingEngine$9.run(PartRenderingEngine.java:1053)
	at org.eclipse.core.databinding.observable.Realm.runWithDefault(Realm.java:332)
	at org.eclipse.e4.ui.internal.workbench.swt.PartRenderingEngine.run(PartRenderingEngine.java:942)
	at org.eclipse.e4.ui.internal.workbench.E4Workbench.createAndRunUI(E4Workbench.java:86)
	at org.eclipse.ui.internal.Workbench$5.run(Workbench.java:588)
	at org.eclipse.core.databinding.observable.Realm.runWithDefault(Realm.java:332)
	at org.eclipse.ui.internal.Workbench.createAndRunWorkbench(Workbench.java:543)
	at org.eclipse.ui.PlatformUI.createAndRunWorkbench(PlatformUI.java:149)
	at org.eclipse.ui.internal.ide.application.IDEApplication.start(IDEApplication.java:124)
	at org.eclipse.equinox.internal.app.EclipseAppHandle.run(EclipseAppHandle.java:196)
	at org.eclipse.core.runtime.internal.adaptor.EclipseAppLauncher.runApplication(EclipseAppLauncher.java:110)
	at org.eclipse.core.runtime.internal.adaptor.EclipseAppLauncher.start(EclipseAppLauncher.java:79)
	at org.eclipse.core.runtime.adaptor.EclipseStarter.run(EclipseStarter.java:353)
	at org.eclipse.core.runtime.adaptor.EclipseStarter.run(EclipseStarter.java:180)
	at sun.reflect.NativeMethodAccessorImpl.invoke0(Native Method)
	at sun.reflect.NativeMethodAccessorImpl.invoke(NativeMethodAccessorImpl.java:57)
	at sun.reflect.DelegatingMethodAccessorImpl.invoke(DelegatingMethodAccessorImpl.java:43)
	at java.lang.reflect.Method.invoke(Method.java:606)
	at org.eclipse.equinox.launcher.Main.invokeFramework(Main.java:629)
	at org.eclipse.equinox.launcher.Main.basicRun(Main.java:584)
	at org.eclipse.equinox.launcher.Main.run(Main.java:1438)

!ENTRY com.android.ide.eclipse.adt 4 0 2014-02-24 19:59:03.787
!MESSAGE 
!STACK 0
java.lang.NullPointerException
	at com.android.layoutlib.bridge.impl.RenderSessionImpl.getDefaultProperties(RenderSessionImpl.java:1476)
	at com.android.layoutlib.bridge.BridgeRenderSession.getDefaultProperties(BridgeRenderSession.java:68)
	at com.android.ide.eclipse.adt.internal.editors.layout.gle2.ViewHierarchy.getDefaultProperties(ViewHierarchy.java:710)
	at com.android.ide.eclipse.adt.internal.editors.layout.properties.XmlProperty.getStringValue(XmlProperty.java:209)
	at com.android.ide.eclipse.adt.internal.editors.layout.properties.XmlProperty.getValue(XmlProperty.java:221)
	at com.android.ide.eclipse.adt.internal.editors.layout.properties.XmlPropertyEditor.getText(XmlPropertyEditor.java:116)
	at com.android.ide.eclipse.adt.internal.editors.layout.properties.XmlPropertyEditor.paint(XmlPropertyEditor.java:131)
	at org.eclipse.wb.internal.core.model.property.table.PropertyTable.drawProperty(PropertyTable.java:1309)
	at org.eclipse.wb.internal.core.model.property.table.PropertyTable.drawContent(PropertyTable.java:1151)
	at org.eclipse.wb.internal.core.model.property.table.PropertyTable.handlePaint(PropertyTable.java:1094)
	at org.eclipse.wb.internal.core.model.property.table.PropertyTable.access$200(PropertyTable.java:64)
	at org.eclipse.wb.internal.core.model.property.table.PropertyTable$3.handleEvent(PropertyTable.java:187)
	at org.eclipse.swt.widgets.EventTable.sendEvent(EventTable.java:84)
	at org.eclipse.swt.widgets.Display.sendEvent(Display.java:4136)
	at org.eclipse.swt.widgets.Widget.sendEvent(Widget.java:1458)
	at org.eclipse.swt.widgets.Widget.sendEvent(Widget.java:1481)
	at org.eclipse.swt.widgets.Widget.sendEvent(Widget.java:1466)
	at org.eclipse.swt.widgets.Control.drawWidget(Control.java:1244)
	at org.eclipse.swt.widgets.Canvas.drawWidget(Canvas.java:167)
	at org.eclipse.swt.widgets.Widget.drawRect(Widget.java:741)
	at org.eclipse.swt.widgets.Canvas.drawRect(Canvas.java:162)
	at org.eclipse.swt.widgets.Display.windowProc(Display.java:5473)
	at org.eclipse.swt.internal.cocoa.OS.objc_msgSendSuper(Native Method)
	at org.eclipse.swt.widgets.Display.applicationNextEventMatchingMask(Display.java:4875)
	at org.eclipse.swt.widgets.Display.applicationProc(Display.java:5241)
	at org.eclipse.swt.internal.cocoa.OS.objc_msgSend(Native Method)
	at org.eclipse.swt.internal.cocoa.NSApplication.nextEventMatchingMask(NSApplication.java:94)
	at org.eclipse.swt.widgets.Display.readAndDispatch(Display.java:3615)
	at org.eclipse.e4.ui.internal.workbench.swt.PartRenderingEngine$9.run(PartRenderingEngine.java:1053)
	at org.eclipse.core.databinding.observable.Realm.runWithDefault(Realm.java:332)
	at org.eclipse.e4.ui.internal.workbench.swt.PartRenderingEngine.run(PartRenderingEngine.java:942)
	at org.eclipse.e4.ui.internal.workbench.E4Workbench.createAndRunUI(E4Workbench.java:86)
	at org.eclipse.ui.internal.Workbench$5.run(Workbench.java:588)
	at org.eclipse.core.databinding.observable.Realm.runWithDefault(Realm.java:332)
	at org.eclipse.ui.internal.Workbench.createAndRunWorkbench(Workbench.java:543)
	at org.eclipse.ui.PlatformUI.createAndRunWorkbench(PlatformUI.java:149)
	at org.eclipse.ui.internal.ide.application.IDEApplication.start(IDEApplication.java:124)
	at org.eclipse.equinox.internal.app.EclipseAppHandle.run(EclipseAppHandle.java:196)
	at org.eclipse.core.runtime.internal.adaptor.EclipseAppLauncher.runApplication(EclipseAppLauncher.java:110)
	at org.eclipse.core.runtime.internal.adaptor.EclipseAppLauncher.start(EclipseAppLauncher.java:79)
	at org.eclipse.core.runtime.adaptor.EclipseStarter.run(EclipseStarter.java:353)
	at org.eclipse.core.runtime.adaptor.EclipseStarter.run(EclipseStarter.java:180)
	at sun.reflect.NativeMethodAccessorImpl.invoke0(Native Method)
	at sun.reflect.NativeMethodAccessorImpl.invoke(NativeMethodAccessorImpl.java:57)
	at sun.reflect.DelegatingMethodAccessorImpl.invoke(DelegatingMethodAccessorImpl.java:43)
	at java.lang.reflect.Method.invoke(Method.java:606)
	at org.eclipse.equinox.launcher.Main.invokeFramework(Main.java:629)
	at org.eclipse.equinox.launcher.Main.basicRun(Main.java:584)
	at org.eclipse.equinox.launcher.Main.run(Main.java:1438)

!ENTRY com.android.ide.eclipse.adt 4 0 2014-02-24 19:59:03.789
!MESSAGE 
!STACK 0
java.lang.NullPointerException
	at com.android.layoutlib.bridge.impl.RenderSessionImpl.getDefaultProperties(RenderSessionImpl.java:1476)
	at com.android.layoutlib.bridge.BridgeRenderSession.getDefaultProperties(BridgeRenderSession.java:68)
	at com.android.ide.eclipse.adt.internal.editors.layout.gle2.ViewHierarchy.getDefaultProperties(ViewHierarchy.java:710)
	at com.android.ide.eclipse.adt.internal.editors.layout.properties.XmlProperty.getStringValue(XmlProperty.java:209)
	at com.android.ide.eclipse.adt.internal.editors.layout.properties.XmlProperty.getValue(XmlProperty.java:221)
	at com.android.ide.eclipse.adt.internal.editors.layout.properties.XmlPropertyEditor.getText(XmlPropertyEditor.java:116)
	at com.android.ide.eclipse.adt.internal.editors.layout.properties.XmlPropertyEditor.paint(XmlPropertyEditor.java:131)
	at org.eclipse.wb.internal.core.model.property.table.PropertyTable.drawProperty(PropertyTable.java:1309)
	at org.eclipse.wb.internal.core.model.property.table.PropertyTable.drawContent(PropertyTable.java:1151)
	at org.eclipse.wb.internal.core.model.property.table.PropertyTable.handlePaint(PropertyTable.java:1094)
	at org.eclipse.wb.internal.core.model.property.table.PropertyTable.access$200(PropertyTable.java:64)
	at org.eclipse.wb.internal.core.model.property.table.PropertyTable$3.handleEvent(PropertyTable.java:187)
	at org.eclipse.swt.widgets.EventTable.sendEvent(EventTable.java:84)
	at org.eclipse.swt.widgets.Display.sendEvent(Display.java:4136)
	at org.eclipse.swt.widgets.Widget.sendEvent(Widget.java:1458)
	at org.eclipse.swt.widgets.Widget.sendEvent(Widget.java:1481)
	at org.eclipse.swt.widgets.Widget.sendEvent(Widget.java:1466)
	at org.eclipse.swt.widgets.Control.drawWidget(Control.java:1244)
	at org.eclipse.swt.widgets.Canvas.drawWidget(Canvas.java:167)
	at org.eclipse.swt.widgets.Widget.drawRect(Widget.java:741)
	at org.eclipse.swt.widgets.Canvas.drawRect(Canvas.java:162)
	at org.eclipse.swt.widgets.Display.windowProc(Display.java:5473)
	at org.eclipse.swt.internal.cocoa.OS.objc_msgSendSuper(Native Method)
	at org.eclipse.swt.widgets.Display.applicationNextEventMatchingMask(Display.java:4875)
	at org.eclipse.swt.widgets.Display.applicationProc(Display.java:5241)
	at org.eclipse.swt.internal.cocoa.OS.objc_msgSend(Native Method)
	at org.eclipse.swt.internal.cocoa.NSApplication.nextEventMatchingMask(NSApplication.java:94)
	at org.eclipse.swt.widgets.Display.readAndDispatch(Display.java:3615)
	at org.eclipse.e4.ui.internal.workbench.swt.PartRenderingEngine$9.run(PartRenderingEngine.java:1053)
	at org.eclipse.core.databinding.observable.Realm.runWithDefault(Realm.java:332)
	at org.eclipse.e4.ui.internal.workbench.swt.PartRenderingEngine.run(PartRenderingEngine.java:942)
	at org.eclipse.e4.ui.internal.workbench.E4Workbench.createAndRunUI(E4Workbench.java:86)
	at org.eclipse.ui.internal.Workbench$5.run(Workbench.java:588)
	at org.eclipse.core.databinding.observable.Realm.runWithDefault(Realm.java:332)
	at org.eclipse.ui.internal.Workbench.createAndRunWorkbench(Workbench.java:543)
	at org.eclipse.ui.PlatformUI.createAndRunWorkbench(PlatformUI.java:149)
	at org.eclipse.ui.internal.ide.application.IDEApplication.start(IDEApplication.java:124)
	at org.eclipse.equinox.internal.app.EclipseAppHandle.run(EclipseAppHandle.java:196)
	at org.eclipse.core.runtime.internal.adaptor.EclipseAppLauncher.runApplication(EclipseAppLauncher.java:110)
	at org.eclipse.core.runtime.internal.adaptor.EclipseAppLauncher.start(EclipseAppLauncher.java:79)
	at org.eclipse.core.runtime.adaptor.EclipseStarter.run(EclipseStarter.java:353)
	at org.eclipse.core.runtime.adaptor.EclipseStarter.run(EclipseStarter.java:180)
	at sun.reflect.NativeMethodAccessorImpl.invoke0(Native Method)
	at sun.reflect.NativeMethodAccessorImpl.invoke(NativeMethodAccessorImpl.java:57)
	at sun.reflect.DelegatingMethodAccessorImpl.invoke(DelegatingMethodAccessorImpl.java:43)
	at java.lang.reflect.Method.invoke(Method.java:606)
	at org.eclipse.equinox.launcher.Main.invokeFramework(Main.java:629)
	at org.eclipse.equinox.launcher.Main.basicRun(Main.java:584)
	at org.eclipse.equinox.launcher.Main.run(Main.java:1438)

!ENTRY com.android.ide.eclipse.adt 4 0 2014-02-24 19:59:03.805
!MESSAGE 
!STACK 0
java.lang.NullPointerException
	at com.android.layoutlib.bridge.impl.RenderSessionImpl.getDefaultProperties(RenderSessionImpl.java:1476)
	at com.android.layoutlib.bridge.BridgeRenderSession.getDefaultProperties(BridgeRenderSession.java:68)
	at com.android.ide.eclipse.adt.internal.editors.layout.gle2.ViewHierarchy.getDefaultProperties(ViewHierarchy.java:710)
	at com.android.ide.eclipse.adt.internal.editors.layout.properties.XmlProperty.getStringValue(XmlProperty.java:209)
	at com.android.ide.eclipse.adt.internal.editors.layout.properties.XmlProperty.getValue(XmlProperty.java:221)
	at com.android.ide.eclipse.adt.internal.editors.layout.properties.XmlPropertyEditor.getText(XmlPropertyEditor.java:116)
	at com.android.ide.eclipse.adt.internal.editors.layout.properties.XmlPropertyEditor.paint(XmlPropertyEditor.java:131)
	at org.eclipse.wb.internal.core.model.property.table.PropertyTable.drawProperty(PropertyTable.java:1309)
	at org.eclipse.wb.internal.core.model.property.table.PropertyTable.drawContent(PropertyTable.java:1151)
	at org.eclipse.wb.internal.core.model.property.table.PropertyTable.handlePaint(PropertyTable.java:1094)
	at org.eclipse.wb.internal.core.model.property.table.PropertyTable.access$200(PropertyTable.java:64)
	at org.eclipse.wb.internal.core.model.property.table.PropertyTable$3.handleEvent(PropertyTable.java:187)
	at org.eclipse.swt.widgets.EventTable.sendEvent(EventTable.java:84)
	at org.eclipse.swt.widgets.Display.sendEvent(Display.java:4136)
	at org.eclipse.swt.widgets.Widget.sendEvent(Widget.java:1458)
	at org.eclipse.swt.widgets.Widget.sendEvent(Widget.java:1481)
	at org.eclipse.swt.widgets.Widget.sendEvent(Widget.java:1466)
	at org.eclipse.swt.widgets.Control.drawWidget(Control.java:1244)
	at org.eclipse.swt.widgets.Canvas.drawWidget(Canvas.java:167)
	at org.eclipse.swt.widgets.Widget.drawRect(Widget.java:741)
	at org.eclipse.swt.widgets.Canvas.drawRect(Canvas.java:162)
	at org.eclipse.swt.widgets.Display.windowProc(Display.java:5473)
	at org.eclipse.swt.internal.cocoa.OS.objc_msgSendSuper(Native Method)
	at org.eclipse.swt.widgets.Display.applicationNextEventMatchingMask(Display.java:4875)
	at org.eclipse.swt.widgets.Display.applicationProc(Display.java:5241)
	at org.eclipse.swt.internal.cocoa.OS.objc_msgSend(Native Method)
	at org.eclipse.swt.internal.cocoa.NSApplication.nextEventMatchingMask(NSApplication.java:94)
	at org.eclipse.swt.widgets.Display.readAndDispatch(Display.java:3615)
	at org.eclipse.e4.ui.internal.workbench.swt.PartRenderingEngine$9.run(PartRenderingEngine.java:1053)
	at org.eclipse.core.databinding.observable.Realm.runWithDefault(Realm.java:332)
	at org.eclipse.e4.ui.internal.workbench.swt.PartRenderingEngine.run(PartRenderingEngine.java:942)
	at org.eclipse.e4.ui.internal.workbench.E4Workbench.createAndRunUI(E4Workbench.java:86)
	at org.eclipse.ui.internal.Workbench$5.run(Workbench.java:588)
	at org.eclipse.core.databinding.observable.Realm.runWithDefault(Realm.java:332)
	at org.eclipse.ui.internal.Workbench.createAndRunWorkbench(Workbench.java:543)
	at org.eclipse.ui.PlatformUI.createAndRunWorkbench(PlatformUI.java:149)
	at org.eclipse.ui.internal.ide.application.IDEApplication.start(IDEApplication.java:124)
	at org.eclipse.equinox.internal.app.EclipseAppHandle.run(EclipseAppHandle.java:196)
	at org.eclipse.core.runtime.internal.adaptor.EclipseAppLauncher.runApplication(EclipseAppLauncher.java:110)
	at org.eclipse.core.runtime.internal.adaptor.EclipseAppLauncher.start(EclipseAppLauncher.java:79)
	at org.eclipse.core.runtime.adaptor.EclipseStarter.run(EclipseStarter.java:353)
	at org.eclipse.core.runtime.adaptor.EclipseStarter.run(EclipseStarter.java:180)
	at sun.reflect.NativeMethodAccessorImpl.invoke0(Native Method)
	at sun.reflect.NativeMethodAccessorImpl.invoke(NativeMethodAccessorImpl.java:57)
	at sun.reflect.DelegatingMethodAccessorImpl.invoke(DelegatingMethodAccessorImpl.java:43)
	at java.lang.reflect.Method.invoke(Method.java:606)
	at org.eclipse.equinox.launcher.Main.invokeFramework(Main.java:629)
	at org.eclipse.equinox.launcher.Main.basicRun(Main.java:584)
	at org.eclipse.equinox.launcher.Main.run(Main.java:1438)

!ENTRY com.android.ide.eclipse.adt 4 0 2014-02-24 19:59:03.819
!MESSAGE 
!STACK 0
java.lang.NullPointerException
	at com.android.layoutlib.bridge.impl.RenderSessionImpl.getDefaultProperties(RenderSessionImpl.java:1476)
	at com.android.layoutlib.bridge.BridgeRenderSession.getDefaultProperties(BridgeRenderSession.java:68)
	at com.android.ide.eclipse.adt.internal.editors.layout.gle2.ViewHierarchy.getDefaultProperties(ViewHierarchy.java:710)
	at com.android.ide.eclipse.adt.internal.editors.layout.properties.XmlProperty.getStringValue(XmlProperty.java:209)
	at com.android.ide.eclipse.adt.internal.editors.layout.properties.XmlProperty.getValue(XmlProperty.java:221)
	at com.android.ide.eclipse.adt.internal.editors.layout.properties.XmlPropertyEditor.getText(XmlPropertyEditor.java:116)
	at com.android.ide.eclipse.adt.internal.editors.layout.properties.XmlPropertyEditor.paint(XmlPropertyEditor.java:131)
	at org.eclipse.wb.internal.core.model.property.table.PropertyTable.drawProperty(PropertyTable.java:1309)
	at org.eclipse.wb.internal.core.model.property.table.PropertyTable.drawContent(PropertyTable.java:1151)
	at org.eclipse.wb.internal.core.model.property.table.PropertyTable.handlePaint(PropertyTable.java:1094)
	at org.eclipse.wb.internal.core.model.property.table.PropertyTable.access$200(PropertyTable.java:64)
	at org.eclipse.wb.internal.core.model.property.table.PropertyTable$3.handleEvent(PropertyTable.java:187)
	at org.eclipse.swt.widgets.EventTable.sendEvent(EventTable.java:84)
	at org.eclipse.swt.widgets.Display.sendEvent(Display.java:4136)
	at org.eclipse.swt.widgets.Widget.sendEvent(Widget.java:1458)
	at org.eclipse.swt.widgets.Widget.sendEvent(Widget.java:1481)
	at org.eclipse.swt.widgets.Widget.sendEvent(Widget.java:1466)
	at org.eclipse.swt.widgets.Control.drawWidget(Control.java:1244)
	at org.eclipse.swt.widgets.Canvas.drawWidget(Canvas.java:167)
	at org.eclipse.swt.widgets.Widget.drawRect(Widget.java:741)
	at org.eclipse.swt.widgets.Canvas.drawRect(Canvas.java:162)
	at org.eclipse.swt.widgets.Display.windowProc(Display.java:5473)
	at org.eclipse.swt.internal.cocoa.OS.objc_msgSendSuper(Native Method)
	at org.eclipse.swt.widgets.Display.applicationNextEventMatchingMask(Display.java:4875)
	at org.eclipse.swt.widgets.Display.applicationProc(Display.java:5241)
	at org.eclipse.swt.internal.cocoa.OS.objc_msgSend(Native Method)
	at org.eclipse.swt.internal.cocoa.NSApplication.nextEventMatchingMask(NSApplication.java:94)
	at org.eclipse.swt.widgets.Display.readAndDispatch(Display.java:3615)
	at org.eclipse.e4.ui.internal.workbench.swt.PartRenderingEngine$9.run(PartRenderingEngine.java:1053)
	at org.eclipse.core.databinding.observable.Realm.runWithDefault(Realm.java:332)
	at org.eclipse.e4.ui.internal.workbench.swt.PartRenderingEngine.run(PartRenderingEngine.java:942)
	at org.eclipse.e4.ui.internal.workbench.E4Workbench.createAndRunUI(E4Workbench.java:86)
	at org.eclipse.ui.internal.Workbench$5.run(Workbench.java:588)
	at org.eclipse.core.databinding.observable.Realm.runWithDefault(Realm.java:332)
	at org.eclipse.ui.internal.Workbench.createAndRunWorkbench(Workbench.java:543)
	at org.eclipse.ui.PlatformUI.createAndRunWorkbench(PlatformUI.java:149)
	at org.eclipse.ui.internal.ide.application.IDEApplication.start(IDEApplication.java:124)
	at org.eclipse.equinox.internal.app.EclipseAppHandle.run(EclipseAppHandle.java:196)
	at org.eclipse.core.runtime.internal.adaptor.EclipseAppLauncher.runApplication(EclipseAppLauncher.java:110)
	at org.eclipse.core.runtime.internal.adaptor.EclipseAppLauncher.start(EclipseAppLauncher.java:79)
	at org.eclipse.core.runtime.adaptor.EclipseStarter.run(EclipseStarter.java:353)
	at org.eclipse.core.runtime.adaptor.EclipseStarter.run(EclipseStarter.java:180)
	at sun.reflect.NativeMethodAccessorImpl.invoke0(Native Method)
	at sun.reflect.NativeMethodAccessorImpl.invoke(NativeMethodAccessorImpl.java:57)
	at sun.reflect.DelegatingMethodAccessorImpl.invoke(DelegatingMethodAccessorImpl.java:43)
	at java.lang.reflect.Method.invoke(Method.java:606)
	at org.eclipse.equinox.launcher.Main.invokeFramework(Main.java:629)
	at org.eclipse.equinox.launcher.Main.basicRun(Main.java:584)
	at org.eclipse.equinox.launcher.Main.run(Main.java:1438)

!ENTRY com.android.ide.eclipse.adt 4 0 2014-02-24 19:59:03.831
!MESSAGE 
!STACK 0
java.lang.NullPointerException
	at com.android.layoutlib.bridge.impl.RenderSessionImpl.getDefaultProperties(RenderSessionImpl.java:1476)
	at com.android.layoutlib.bridge.BridgeRenderSession.getDefaultProperties(BridgeRenderSession.java:68)
	at com.android.ide.eclipse.adt.internal.editors.layout.gle2.ViewHierarchy.getDefaultProperties(ViewHierarchy.java:710)
	at com.android.ide.eclipse.adt.internal.editors.layout.properties.XmlProperty.getStringValue(XmlProperty.java:209)
	at com.android.ide.eclipse.adt.internal.editors.layout.properties.XmlProperty.getValue(XmlProperty.java:221)
	at com.android.ide.eclipse.adt.internal.editors.layout.properties.XmlPropertyEditor.getText(XmlPropertyEditor.java:116)
	at com.android.ide.eclipse.adt.internal.editors.layout.properties.XmlPropertyEditor.paint(XmlPropertyEditor.java:131)
	at org.eclipse.wb.internal.core.model.property.table.PropertyTable.drawProperty(PropertyTable.java:1309)
	at org.eclipse.wb.internal.core.model.property.table.PropertyTable.drawContent(PropertyTable.java:1151)
	at org.eclipse.wb.internal.core.model.property.table.PropertyTable.handlePaint(PropertyTable.java:1094)
	at org.eclipse.wb.internal.core.model.property.table.PropertyTable.access$200(PropertyTable.java:64)
	at org.eclipse.wb.internal.core.model.property.table.PropertyTable$3.handleEvent(PropertyTable.java:187)
	at org.eclipse.swt.widgets.EventTable.sendEvent(EventTable.java:84)
	at org.eclipse.swt.widgets.Display.sendEvent(Display.java:4136)
	at org.eclipse.swt.widgets.Widget.sendEvent(Widget.java:1458)
	at org.eclipse.swt.widgets.Widget.sendEvent(Widget.java:1481)
	at org.eclipse.swt.widgets.Widget.sendEvent(Widget.java:1466)
	at org.eclipse.swt.widgets.Control.drawWidget(Control.java:1244)
	at org.eclipse.swt.widgets.Canvas.drawWidget(Canvas.java:167)
	at org.eclipse.swt.widgets.Widget.drawRect(Widget.java:741)
	at org.eclipse.swt.widgets.Canvas.drawRect(Canvas.java:162)
	at org.eclipse.swt.widgets.Display.windowProc(Display.java:5473)
	at org.eclipse.swt.internal.cocoa.OS.objc_msgSendSuper(Native Method)
	at org.eclipse.swt.widgets.Display.applicationNextEventMatchingMask(Display.java:4875)
	at org.eclipse.swt.widgets.Display.applicationProc(Display.java:5241)
	at org.eclipse.swt.internal.cocoa.OS.objc_msgSend(Native Method)
	at org.eclipse.swt.internal.cocoa.NSApplication.nextEventMatchingMask(NSApplication.java:94)
	at org.eclipse.swt.widgets.Display.readAndDispatch(Display.java:3615)
	at org.eclipse.e4.ui.internal.workbench.swt.PartRenderingEngine$9.run(PartRenderingEngine.java:1053)
	at org.eclipse.core.databinding.observable.Realm.runWithDefault(Realm.java:332)
	at org.eclipse.e4.ui.internal.workbench.swt.PartRenderingEngine.run(PartRenderingEngine.java:942)
	at org.eclipse.e4.ui.internal.workbench.E4Workbench.createAndRunUI(E4Workbench.java:86)
	at org.eclipse.ui.internal.Workbench$5.run(Workbench.java:588)
	at org.eclipse.core.databinding.observable.Realm.runWithDefault(Realm.java:332)
	at org.eclipse.ui.internal.Workbench.createAndRunWorkbench(Workbench.java:543)
	at org.eclipse.ui.PlatformUI.createAndRunWorkbench(PlatformUI.java:149)
	at org.eclipse.ui.internal.ide.application.IDEApplication.start(IDEApplication.java:124)
	at org.eclipse.equinox.internal.app.EclipseAppHandle.run(EclipseAppHandle.java:196)
	at org.eclipse.core.runtime.internal.adaptor.EclipseAppLauncher.runApplication(EclipseAppLauncher.java:110)
	at org.eclipse.core.runtime.internal.adaptor.EclipseAppLauncher.start(EclipseAppLauncher.java:79)
	at org.eclipse.core.runtime.adaptor.EclipseStarter.run(EclipseStarter.java:353)
	at org.eclipse.core.runtime.adaptor.EclipseStarter.run(EclipseStarter.java:180)
	at sun.reflect.NativeMethodAccessorImpl.invoke0(Native Method)
	at sun.reflect.NativeMethodAccessorImpl.invoke(NativeMethodAccessorImpl.java:57)
	at sun.reflect.DelegatingMethodAccessorImpl.invoke(DelegatingMethodAccessorImpl.java:43)
	at java.lang.reflect.Method.invoke(Method.java:606)
	at org.eclipse.equinox.launcher.Main.invokeFramework(Main.java:629)
	at org.eclipse.equinox.launcher.Main.basicRun(Main.java:584)
	at org.eclipse.equinox.launcher.Main.run(Main.java:1438)

!ENTRY com.android.ide.eclipse.adt 4 0 2014-02-24 19:59:03.837
!MESSAGE 
!STACK 0
java.lang.NullPointerException
	at com.android.layoutlib.bridge.impl.RenderSessionImpl.getDefaultProperties(RenderSessionImpl.java:1476)
	at com.android.layoutlib.bridge.BridgeRenderSession.getDefaultProperties(BridgeRenderSession.java:68)
	at com.android.ide.eclipse.adt.internal.editors.layout.gle2.ViewHierarchy.getDefaultProperties(ViewHierarchy.java:710)
	at com.android.ide.eclipse.adt.internal.editors.layout.properties.XmlProperty.getStringValue(XmlProperty.java:209)
	at com.android.ide.eclipse.adt.internal.editors.layout.properties.XmlProperty.getValue(XmlProperty.java:221)
	at com.android.ide.eclipse.adt.internal.editors.layout.properties.XmlPropertyEditor.getText(XmlPropertyEditor.java:116)
	at com.android.ide.eclipse.adt.internal.editors.layout.properties.XmlPropertyEditor.paint(XmlPropertyEditor.java:131)
	at org.eclipse.wb.internal.core.model.property.table.PropertyTable.drawProperty(PropertyTable.java:1309)
	at org.eclipse.wb.internal.core.model.property.table.PropertyTable.drawContent(PropertyTable.java:1151)
	at org.eclipse.wb.internal.core.model.property.table.PropertyTable.handlePaint(PropertyTable.java:1094)
	at org.eclipse.wb.internal.core.model.property.table.PropertyTable.access$200(PropertyTable.java:64)
	at org.eclipse.wb.internal.core.model.property.table.PropertyTable$3.handleEvent(PropertyTable.java:187)
	at org.eclipse.swt.widgets.EventTable.sendEvent(EventTable.java:84)
	at org.eclipse.swt.widgets.Display.sendEvent(Display.java:4136)
	at org.eclipse.swt.widgets.Widget.sendEvent(Widget.java:1458)
	at org.eclipse.swt.widgets.Widget.sendEvent(Widget.java:1481)
	at org.eclipse.swt.widgets.Widget.sendEvent(Widget.java:1466)
	at org.eclipse.swt.widgets.Control.drawWidget(Control.java:1244)
	at org.eclipse.swt.widgets.Canvas.drawWidget(Canvas.java:167)
	at org.eclipse.swt.widgets.Widget.drawRect(Widget.java:741)
	at org.eclipse.swt.widgets.Canvas.drawRect(Canvas.java:162)
	at org.eclipse.swt.widgets.Display.windowProc(Display.java:5473)
	at org.eclipse.swt.internal.cocoa.OS.objc_msgSendSuper(Native Method)
	at org.eclipse.swt.widgets.Display.applicationNextEventMatchingMask(Display.java:4875)
	at org.eclipse.swt.widgets.Display.applicationProc(Display.java:5241)
	at org.eclipse.swt.internal.cocoa.OS.objc_msgSend(Native Method)
	at org.eclipse.swt.internal.cocoa.NSApplication.nextEventMatchingMask(NSApplication.java:94)
	at org.eclipse.swt.widgets.Display.readAndDispatch(Display.java:3615)
	at org.eclipse.e4.ui.internal.workbench.swt.PartRenderingEngine$9.run(PartRenderingEngine.java:1053)
	at org.eclipse.core.databinding.observable.Realm.runWithDefault(Realm.java:332)
	at org.eclipse.e4.ui.internal.workbench.swt.PartRenderingEngine.run(PartRenderingEngine.java:942)
	at org.eclipse.e4.ui.internal.workbench.E4Workbench.createAndRunUI(E4Workbench.java:86)
	at org.eclipse.ui.internal.Workbench$5.run(Workbench.java:588)
	at org.eclipse.core.databinding.observable.Realm.runWithDefault(Realm.java:332)
	at org.eclipse.ui.internal.Workbench.createAndRunWorkbench(Workbench.java:543)
	at org.eclipse.ui.PlatformUI.createAndRunWorkbench(PlatformUI.java:149)
	at org.eclipse.ui.internal.ide.application.IDEApplication.start(IDEApplication.java:124)
	at org.eclipse.equinox.internal.app.EclipseAppHandle.run(EclipseAppHandle.java:196)
	at org.eclipse.core.runtime.internal.adaptor.EclipseAppLauncher.runApplication(EclipseAppLauncher.java:110)
	at org.eclipse.core.runtime.internal.adaptor.EclipseAppLauncher.start(EclipseAppLauncher.java:79)
	at org.eclipse.core.runtime.adaptor.EclipseStarter.run(EclipseStarter.java:353)
	at org.eclipse.core.runtime.adaptor.EclipseStarter.run(EclipseStarter.java:180)
	at sun.reflect.NativeMethodAccessorImpl.invoke0(Native Method)
	at sun.reflect.NativeMethodAccessorImpl.invoke(NativeMethodAccessorImpl.java:57)
	at sun.reflect.DelegatingMethodAccessorImpl.invoke(DelegatingMethodAccessorImpl.java:43)
	at java.lang.reflect.Method.invoke(Method.java:606)
	at org.eclipse.equinox.launcher.Main.invokeFramework(Main.java:629)
	at org.eclipse.equinox.launcher.Main.basicRun(Main.java:584)
	at org.eclipse.equinox.launcher.Main.run(Main.java:1438)
